{"name":"hexo","hostname":"WIN-AI44SUPF6M3","pid":15904,"level":20,"msg":"Hexo version: \u001b[35m3.1.1\u001b[39m","time":"2016-01-13T11:59:09.831Z","v":0}
{"name":"hexo","hostname":"WIN-AI44SUPF6M3","pid":15904,"level":20,"msg":"Working directory: \u001b[35mF:\\10\\aierui.github.io\\\u001b[39m","time":"2016-01-13T11:59:09.841Z","v":0}
{"name":"hexo","hostname":"WIN-AI44SUPF6M3","pid":15904,"level":20,"msg":"Config loaded: \u001b[35mF:\\10\\aierui.github.io\\_config.yml\u001b[39m","time":"2016-01-13T11:59:10.275Z","v":0}
{"name":"hexo","hostname":"WIN-AI44SUPF6M3","pid":15904,"level":20,"msg":"Plugin loaded: \u001b[35mhexo-generator-index\u001b[39m","time":"2016-01-13T11:59:10.346Z","v":0}
{"name":"hexo","hostname":"WIN-AI44SUPF6M3","pid":15904,"level":20,"msg":"Plugin loaded: \u001b[35mhexo-generator-tag\u001b[39m","time":"2016-01-13T11:59:10.364Z","v":0}
{"name":"hexo","hostname":"WIN-AI44SUPF6M3","pid":15904,"level":20,"msg":"Plugin loaded: \u001b[35mhexo-renderer-stylus\u001b[39m","time":"2016-01-13T11:59:11.112Z","v":0}
{"name":"hexo","hostname":"WIN-AI44SUPF6M3","pid":15904,"level":20,"msg":"Plugin loaded: \u001b[35mhexo-renderer-ejs\u001b[39m","time":"2016-01-13T11:59:11.122Z","v":0}
{"name":"hexo","hostname":"WIN-AI44SUPF6M3","pid":15904,"level":20,"msg":"Script loaded: \u001b[35mthemes\\next\\scripts\\filters\\sticky.js\u001b[39m","time":"2016-01-13T11:59:11.125Z","v":0}
{"name":"hexo","hostname":"WIN-AI44SUPF6M3","pid":15904,"level":20,"msg":"Script loaded: \u001b[35mthemes\\next\\scripts\\merge-configs.js\u001b[39m","time":"2016-01-13T11:59:11.127Z","v":0}
{"name":"hexo","hostname":"WIN-AI44SUPF6M3","pid":15904,"level":20,"msg":"Script loaded: \u001b[35mthemes\\next\\scripts\\tags\\center-quote.js\u001b[39m","time":"2016-01-13T11:59:11.129Z","v":0}
{"name":"hexo","hostname":"WIN-AI44SUPF6M3","pid":15904,"level":20,"msg":"Script loaded: \u001b[35mthemes\\next\\scripts\\tags\\full-image.js\u001b[39m","time":"2016-01-13T11:59:11.131Z","v":0}
{"name":"hexo","hostname":"WIN-AI44SUPF6M3","pid":15904,"level":20,"msg":"Script loaded: \u001b[35mthemes\\next\\scripts\\tags\\group-pictures.js\u001b[39m","time":"2016-01-13T11:59:11.134Z","v":0}
{"name":"hexo","hostname":"WIN-AI44SUPF6M3","pid":15904,"level":20,"msg":"Plugin loaded: \u001b[35mhexo-generator-category\u001b[39m","time":"2016-01-13T11:59:11.236Z","v":0}
{"name":"hexo","hostname":"WIN-AI44SUPF6M3","pid":15904,"level":20,"msg":"Plugin loaded: \u001b[35mhexo-generator-archive\u001b[39m","time":"2016-01-13T11:59:11.265Z","v":0}
{"name":"hexo","hostname":"WIN-AI44SUPF6M3","pid":15904,"level":20,"msg":"Plugin loaded: \u001b[35mhexo-server\u001b[39m","time":"2016-01-13T11:59:11.781Z","v":0}
{"name":"hexo","hostname":"WIN-AI44SUPF6M3","pid":15904,"level":20,"msg":"Plugin loaded: \u001b[35mhexo-renderer-marked\u001b[39m","time":"2016-01-13T11:59:11.981Z","v":0}
{"name":"hexo","hostname":"WIN-AI44SUPF6M3","pid":15904,"level":20,"msg":"Loading database.","time":"2016-01-13T11:59:11.996Z","v":0}
{"name":"hexo","hostname":"WIN-AI44SUPF6M3","pid":15904,"level":20,"msg":"Unchanged: \u001b[35msource/_posts/my-new-post.md\u001b[39m","time":"2016-01-13T11:59:12.092Z","v":0}
{"name":"hexo","hostname":"WIN-AI44SUPF6M3","pid":15904,"level":20,"msg":"Unchanged: \u001b[35msource/_posts/hello-world.md\u001b[39m","time":"2016-01-13T11:59:12.192Z","v":0}
{"name":"hexo","hostname":"WIN-AI44SUPF6M3","pid":15904,"level":20,"msg":"Added: \u001b[35mthemes/next/layout/_scripts/schemes/mist.swig\u001b[39m","time":"2016-01-13T11:59:12.217Z","v":0}
{"name":"hexo","hostname":"WIN-AI44SUPF6M3","pid":15904,"level":20,"msg":"Added: \u001b[35mthemes/next/layout/_scripts/schemes/muse.swig\u001b[39m","time":"2016-01-13T11:59:12.219Z","v":0}
{"name":"hexo","hostname":"WIN-AI44SUPF6M3","pid":15904,"level":20,"msg":"Added: \u001b[35mthemes/next/source/css/_mixins/Mist.styl\u001b[39m","time":"2016-01-13T11:59:12.221Z","v":0}
{"name":"hexo","hostname":"WIN-AI44SUPF6M3","pid":15904,"level":20,"msg":"Added: \u001b[35mthemes/next/source/css/_mixins/Muse.styl\u001b[39m","time":"2016-01-13T11:59:12.221Z","v":0}
{"name":"hexo","hostname":"WIN-AI44SUPF6M3","pid":15904,"level":20,"msg":"Added: \u001b[35mthemes/next/source/css/_mixins/custom.styl\u001b[39m","time":"2016-01-13T11:59:12.222Z","v":0}
{"name":"hexo","hostname":"WIN-AI44SUPF6M3","pid":15904,"level":20,"msg":"Added: \u001b[35mthemes/next/source/css/_variables/Muse.styl\u001b[39m","time":"2016-01-13T11:59:12.224Z","v":0}
{"name":"hexo","hostname":"WIN-AI44SUPF6M3","pid":15904,"level":20,"msg":"Added: \u001b[35mthemes/next/source/css/_variables/custom.styl\u001b[39m","time":"2016-01-13T11:59:12.225Z","v":0}
{"name":"hexo","hostname":"WIN-AI44SUPF6M3","pid":15904,"level":20,"msg":"Processed: \u001b[35m_posts/hello-world.md\u001b[39m","time":"2016-01-13T11:59:12.227Z","v":0}
{"name":"hexo","hostname":"WIN-AI44SUPF6M3","pid":15904,"level":20,"msg":"Processed: \u001b[35m_posts/my-new-post.md\u001b[39m","time":"2016-01-13T11:59:12.230Z","v":0}
{"name":"hexo","hostname":"WIN-AI44SUPF6M3","pid":15904,"level":20,"msg":"Added: \u001b[35mthemes/next/README.en.md\u001b[39m","time":"2016-01-13T11:59:12.253Z","v":0}
{"name":"hexo","hostname":"WIN-AI44SUPF6M3","pid":15904,"level":20,"msg":"Added: \u001b[35mthemes/next/README.md\u001b[39m","time":"2016-01-13T11:59:12.254Z","v":0}
{"name":"hexo","hostname":"WIN-AI44SUPF6M3","pid":15904,"level":20,"msg":"Added: \u001b[35mthemes/next/_config.yml\u001b[39m","time":"2016-01-13T11:59:12.256Z","v":0}
{"name":"hexo","hostname":"WIN-AI44SUPF6M3","pid":15904,"level":20,"msg":"Added: \u001b[35mthemes/next/bower.json\u001b[39m","time":"2016-01-13T11:59:12.257Z","v":0}
{"name":"hexo","hostname":"WIN-AI44SUPF6M3","pid":15904,"level":20,"msg":"Added: \u001b[35mthemes/next/gulpfile.coffee\u001b[39m","time":"2016-01-13T11:59:12.258Z","v":0}
{"name":"hexo","hostname":"WIN-AI44SUPF6M3","pid":15904,"level":20,"msg":"Added: \u001b[35mthemes/next/languages/de.yml\u001b[39m","time":"2016-01-13T11:59:12.261Z","v":0}
{"name":"hexo","hostname":"WIN-AI44SUPF6M3","pid":15904,"level":20,"msg":"Added: \u001b[35mthemes/next/languages/default.yml\u001b[39m","time":"2016-01-13T11:59:12.263Z","v":0}
{"name":"hexo","hostname":"WIN-AI44SUPF6M3","pid":15904,"level":20,"msg":"Added: \u001b[35mthemes/next/languages/en.yml\u001b[39m","time":"2016-01-13T11:59:12.264Z","v":0}
{"name":"hexo","hostname":"WIN-AI44SUPF6M3","pid":15904,"level":20,"msg":"Added: \u001b[35mthemes/next/languages/fr-FR.yml\u001b[39m","time":"2016-01-13T11:59:12.265Z","v":0}
{"name":"hexo","hostname":"WIN-AI44SUPF6M3","pid":15904,"level":20,"msg":"Added: \u001b[35mthemes/next/languages/pt.yml\u001b[39m","time":"2016-01-13T11:59:12.266Z","v":0}
{"name":"hexo","hostname":"WIN-AI44SUPF6M3","pid":15904,"level":20,"msg":"Added: \u001b[35mthemes/next/languages/ru.yml\u001b[39m","time":"2016-01-13T11:59:12.267Z","v":0}
{"name":"hexo","hostname":"WIN-AI44SUPF6M3","pid":15904,"level":20,"msg":"Added: \u001b[35mthemes/next/languages/zh-Hans.yml\u001b[39m","time":"2016-01-13T11:59:12.268Z","v":0}
{"name":"hexo","hostname":"WIN-AI44SUPF6M3","pid":15904,"level":20,"msg":"Added: \u001b[35mthemes/next/languages/zh-hk.yml\u001b[39m","time":"2016-01-13T11:59:12.269Z","v":0}
{"name":"hexo","hostname":"WIN-AI44SUPF6M3","pid":15904,"level":20,"msg":"Added: \u001b[35mthemes/next/languages/zh-tw.yml\u001b[39m","time":"2016-01-13T11:59:12.270Z","v":0}
{"name":"hexo","hostname":"WIN-AI44SUPF6M3","pid":15904,"level":20,"msg":"Added: \u001b[35mthemes/next/layout/_layout.swig\u001b[39m","time":"2016-01-13T11:59:12.271Z","v":0}
{"name":"hexo","hostname":"WIN-AI44SUPF6M3","pid":15904,"level":20,"msg":"Added: \u001b[35mthemes/next/layout/_macro/post-collapse.swig\u001b[39m","time":"2016-01-13T11:59:12.272Z","v":0}
{"name":"hexo","hostname":"WIN-AI44SUPF6M3","pid":15904,"level":20,"msg":"Added: \u001b[35mthemes/next/layout/_macro/post.swig\u001b[39m","time":"2016-01-13T11:59:12.273Z","v":0}
{"name":"hexo","hostname":"WIN-AI44SUPF6M3","pid":15904,"level":20,"msg":"Added: \u001b[35mthemes/next/layout/_macro/sidebar.swig\u001b[39m","time":"2016-01-13T11:59:12.275Z","v":0}
{"name":"hexo","hostname":"WIN-AI44SUPF6M3","pid":15904,"level":20,"msg":"Added: \u001b[35mthemes/next/layout/_partials/comments.swig\u001b[39m","time":"2016-01-13T11:59:12.276Z","v":0}
{"name":"hexo","hostname":"WIN-AI44SUPF6M3","pid":15904,"level":20,"msg":"Added: \u001b[35mthemes/next/layout/_partials/duoshuo-hot-articles.swig\u001b[39m","time":"2016-01-13T11:59:12.277Z","v":0}
{"name":"hexo","hostname":"WIN-AI44SUPF6M3","pid":15904,"level":20,"msg":"Added: \u001b[35mthemes/next/layout/_partials/footer.swig\u001b[39m","time":"2016-01-13T11:59:12.279Z","v":0}
{"name":"hexo","hostname":"WIN-AI44SUPF6M3","pid":15904,"level":20,"msg":"Added: \u001b[35mthemes/next/layout/_partials/head.swig\u001b[39m","time":"2016-01-13T11:59:12.280Z","v":0}
{"name":"hexo","hostname":"WIN-AI44SUPF6M3","pid":15904,"level":20,"msg":"Added: \u001b[35mthemes/next/layout/_partials/header.swig\u001b[39m","time":"2016-01-13T11:59:12.281Z","v":0}
{"name":"hexo","hostname":"WIN-AI44SUPF6M3","pid":15904,"level":20,"msg":"Added: \u001b[35mthemes/next/layout/_partials/pagination.swig\u001b[39m","time":"2016-01-13T11:59:12.282Z","v":0}
{"name":"hexo","hostname":"WIN-AI44SUPF6M3","pid":15904,"level":20,"msg":"Added: \u001b[35mthemes/next/layout/_partials/search/swiftype.swig\u001b[39m","time":"2016-01-13T11:59:12.283Z","v":0}
{"name":"hexo","hostname":"WIN-AI44SUPF6M3","pid":15904,"level":20,"msg":"Added: \u001b[35mthemes/next/layout/_partials/search/tinysou.swig\u001b[39m","time":"2016-01-13T11:59:12.284Z","v":0}
{"name":"hexo","hostname":"WIN-AI44SUPF6M3","pid":15904,"level":20,"msg":"Added: \u001b[35mthemes/next/layout/_partials/search.swig\u001b[39m","time":"2016-01-13T11:59:12.285Z","v":0}
{"name":"hexo","hostname":"WIN-AI44SUPF6M3","pid":15904,"level":20,"msg":"Added: \u001b[35mthemes/next/layout/_partials/share/duoshuo_share.swig\u001b[39m","time":"2016-01-13T11:59:12.286Z","v":0}
{"name":"hexo","hostname":"WIN-AI44SUPF6M3","pid":15904,"level":20,"msg":"Added: \u001b[35mthemes/next/layout/_partials/share/jiathis.swig\u001b[39m","time":"2016-01-13T11:59:12.286Z","v":0}
{"name":"hexo","hostname":"WIN-AI44SUPF6M3","pid":15904,"level":20,"msg":"Added: \u001b[35mthemes/next/layout/_scripts/boostrap.swig\u001b[39m","time":"2016-01-13T11:59:12.288Z","v":0}
{"name":"hexo","hostname":"WIN-AI44SUPF6M3","pid":15904,"level":20,"msg":"Added: \u001b[35mthemes/next/layout/_scripts/commons.swig\u001b[39m","time":"2016-01-13T11:59:12.288Z","v":0}
{"name":"hexo","hostname":"WIN-AI44SUPF6M3","pid":15904,"level":20,"msg":"Added: \u001b[35mthemes/next/layout/_scripts/pages/post-details.swig\u001b[39m","time":"2016-01-13T11:59:12.289Z","v":0}
{"name":"hexo","hostname":"WIN-AI44SUPF6M3","pid":15904,"level":20,"msg":"Added: \u001b[35mthemes/next/layout/_scripts/schemes/pisces.swig\u001b[39m","time":"2016-01-13T11:59:12.290Z","v":0}
{"name":"hexo","hostname":"WIN-AI44SUPF6M3","pid":15904,"level":20,"msg":"Added: \u001b[35mthemes/next/layout/_scripts/third-party/analytics/baidu-analytics.swig\u001b[39m","time":"2016-01-13T11:59:12.291Z","v":0}
{"name":"hexo","hostname":"WIN-AI44SUPF6M3","pid":15904,"level":20,"msg":"Added: \u001b[35mthemes/next/layout/_scripts/third-party/analytics/facebook-sdk.swig\u001b[39m","time":"2016-01-13T11:59:12.292Z","v":0}
{"name":"hexo","hostname":"WIN-AI44SUPF6M3","pid":15904,"level":20,"msg":"Added: \u001b[35mthemes/next/layout/_scripts/third-party/analytics/google-analytics.swig\u001b[39m","time":"2016-01-13T11:59:12.294Z","v":0}
{"name":"hexo","hostname":"WIN-AI44SUPF6M3","pid":15904,"level":20,"msg":"Added: \u001b[35mthemes/next/layout/_scripts/third-party/analytics.swig\u001b[39m","time":"2016-01-13T11:59:12.296Z","v":0}
{"name":"hexo","hostname":"WIN-AI44SUPF6M3","pid":15904,"level":20,"msg":"Added: \u001b[35mthemes/next/layout/_scripts/third-party/baidushare.swig\u001b[39m","time":"2016-01-13T11:59:12.298Z","v":0}
{"name":"hexo","hostname":"WIN-AI44SUPF6M3","pid":15904,"level":20,"msg":"Added: \u001b[35mthemes/next/layout/_scripts/third-party/comments/disqus.swig\u001b[39m","time":"2016-01-13T11:59:12.300Z","v":0}
{"name":"hexo","hostname":"WIN-AI44SUPF6M3","pid":15904,"level":20,"msg":"Added: \u001b[35mthemes/next/layout/_scripts/third-party/comments/duoshuo.swig\u001b[39m","time":"2016-01-13T11:59:12.301Z","v":0}
{"name":"hexo","hostname":"WIN-AI44SUPF6M3","pid":15904,"level":20,"msg":"Added: \u001b[35mthemes/next/layout/_scripts/third-party/comments.swig\u001b[39m","time":"2016-01-13T11:59:12.303Z","v":0}
{"name":"hexo","hostname":"WIN-AI44SUPF6M3","pid":15904,"level":20,"msg":"Added: \u001b[35mthemes/next/layout/_scripts/third-party/lean-analytics.swig\u001b[39m","time":"2016-01-13T11:59:12.304Z","v":0}
{"name":"hexo","hostname":"WIN-AI44SUPF6M3","pid":15904,"level":20,"msg":"Added: \u001b[35mthemes/next/layout/_scripts/third-party/tinysou.swig\u001b[39m","time":"2016-01-13T11:59:12.305Z","v":0}
{"name":"hexo","hostname":"WIN-AI44SUPF6M3","pid":15904,"level":20,"msg":"Added: \u001b[35mthemes/next/layout/_scripts/vendors.swig\u001b[39m","time":"2016-01-13T11:59:12.306Z","v":0}
{"name":"hexo","hostname":"WIN-AI44SUPF6M3","pid":15904,"level":20,"msg":"Added: \u001b[35mthemes/next/layout/archive.swig\u001b[39m","time":"2016-01-13T11:59:12.307Z","v":0}
{"name":"hexo","hostname":"WIN-AI44SUPF6M3","pid":15904,"level":20,"msg":"Added: \u001b[35mthemes/next/layout/category.swig\u001b[39m","time":"2016-01-13T11:59:12.308Z","v":0}
{"name":"hexo","hostname":"WIN-AI44SUPF6M3","pid":15904,"level":20,"msg":"Added: \u001b[35mthemes/next/layout/index.swig\u001b[39m","time":"2016-01-13T11:59:12.308Z","v":0}
{"name":"hexo","hostname":"WIN-AI44SUPF6M3","pid":15904,"level":20,"msg":"Added: \u001b[35mthemes/next/layout/page.swig\u001b[39m","time":"2016-01-13T11:59:12.309Z","v":0}
{"name":"hexo","hostname":"WIN-AI44SUPF6M3","pid":15904,"level":20,"msg":"Added: \u001b[35mthemes/next/layout/post.swig\u001b[39m","time":"2016-01-13T11:59:12.310Z","v":0}
{"name":"hexo","hostname":"WIN-AI44SUPF6M3","pid":15904,"level":20,"msg":"Added: \u001b[35mthemes/next/layout/tag.swig\u001b[39m","time":"2016-01-13T11:59:12.311Z","v":0}
{"name":"hexo","hostname":"WIN-AI44SUPF6M3","pid":15904,"level":20,"msg":"Added: \u001b[35mthemes/next/scripts/filters/sticky.js\u001b[39m","time":"2016-01-13T11:59:12.312Z","v":0}
{"name":"hexo","hostname":"WIN-AI44SUPF6M3","pid":15904,"level":20,"msg":"Added: \u001b[35mthemes/next/package.json\u001b[39m","time":"2016-01-13T11:59:12.313Z","v":0}
{"name":"hexo","hostname":"WIN-AI44SUPF6M3","pid":15904,"level":20,"msg":"Added: \u001b[35mthemes/next/layout/_scripts/third-party/mathjax.swig\u001b[39m","time":"2016-01-13T11:59:12.314Z","v":0}
{"name":"hexo","hostname":"WIN-AI44SUPF6M3","pid":15904,"level":20,"msg":"Added: \u001b[35mthemes/next/scripts/tags/center-quote.js\u001b[39m","time":"2016-01-13T11:59:12.315Z","v":0}
{"name":"hexo","hostname":"WIN-AI44SUPF6M3","pid":15904,"level":20,"msg":"Added: \u001b[35mthemes/next/scripts/merge-configs.js\u001b[39m","time":"2016-01-13T11:59:12.316Z","v":0}
{"name":"hexo","hostname":"WIN-AI44SUPF6M3","pid":15904,"level":20,"msg":"Added: \u001b[35mthemes/next/scripts/tags/full-image.js\u001b[39m","time":"2016-01-13T11:59:12.317Z","v":0}
{"name":"hexo","hostname":"WIN-AI44SUPF6M3","pid":15904,"level":20,"msg":"Added: \u001b[35mthemes/next/source/css/_common/_component/posts-expand.styl\u001b[39m","time":"2016-01-13T11:59:12.318Z","v":0}
{"name":"hexo","hostname":"WIN-AI44SUPF6M3","pid":15904,"level":20,"msg":"Added: \u001b[35mthemes/next/source/css/_common/_section/header.styl\u001b[39m","time":"2016-01-13T11:59:12.319Z","v":0}
{"name":"hexo","hostname":"WIN-AI44SUPF6M3","pid":15904,"level":20,"msg":"Added: \u001b[35mthemes/next/source/css/_common/components/back-to-top.styl\u001b[39m","time":"2016-01-13T11:59:12.320Z","v":0}
{"name":"hexo","hostname":"WIN-AI44SUPF6M3","pid":15904,"level":20,"msg":"Added: \u001b[35mthemes/next/scripts/tags/group-pictures.js\u001b[39m","time":"2016-01-13T11:59:12.321Z","v":0}
{"name":"hexo","hostname":"WIN-AI44SUPF6M3","pid":15904,"level":20,"msg":"Added: \u001b[35mthemes/next/source/css/_common/components/buttons.styl\u001b[39m","time":"2016-01-13T11:59:12.322Z","v":0}
{"name":"hexo","hostname":"WIN-AI44SUPF6M3","pid":15904,"level":20,"msg":"Added: \u001b[35mthemes/next/source/css/_common/components/comments.styl\u001b[39m","time":"2016-01-13T11:59:12.324Z","v":0}
{"name":"hexo","hostname":"WIN-AI44SUPF6M3","pid":15904,"level":20,"msg":"Added: \u001b[35mthemes/next/source/css/_common/components/components.styl\u001b[39m","time":"2016-01-13T11:59:12.325Z","v":0}
{"name":"hexo","hostname":"WIN-AI44SUPF6M3","pid":15904,"level":20,"msg":"Added: \u001b[35mthemes/next/source/css/_common/components/footer/footer.styl\u001b[39m","time":"2016-01-13T11:59:12.326Z","v":0}
{"name":"hexo","hostname":"WIN-AI44SUPF6M3","pid":15904,"level":20,"msg":"Added: \u001b[35mthemes/next/source/css/_common/components/header/header.styl\u001b[39m","time":"2016-01-13T11:59:12.327Z","v":0}
{"name":"hexo","hostname":"WIN-AI44SUPF6M3","pid":15904,"level":20,"msg":"Added: \u001b[35mthemes/next/source/css/_common/components/header/headerband.styl\u001b[39m","time":"2016-01-13T11:59:12.329Z","v":0}
{"name":"hexo","hostname":"WIN-AI44SUPF6M3","pid":15904,"level":20,"msg":"Added: \u001b[35mthemes/next/source/css/_common/components/header/menu.styl\u001b[39m","time":"2016-01-13T11:59:12.330Z","v":0}
{"name":"hexo","hostname":"WIN-AI44SUPF6M3","pid":15904,"level":20,"msg":"Added: \u001b[35mthemes/next/source/css/_common/components/header/site-meta.styl\u001b[39m","time":"2016-01-13T11:59:12.332Z","v":0}
{"name":"hexo","hostname":"WIN-AI44SUPF6M3","pid":15904,"level":20,"msg":"Added: \u001b[35mthemes/next/source/css/_common/components/header/site-nav.styl\u001b[39m","time":"2016-01-13T11:59:12.333Z","v":0}
{"name":"hexo","hostname":"WIN-AI44SUPF6M3","pid":15904,"level":20,"msg":"Added: \u001b[35mthemes/next/source/css/_common/components/highlight/highlight.styl\u001b[39m","time":"2016-01-13T11:59:12.335Z","v":0}
{"name":"hexo","hostname":"WIN-AI44SUPF6M3","pid":15904,"level":20,"msg":"Added: \u001b[35mthemes/next/source/css/_common/components/highlight/theme.styl\u001b[39m","time":"2016-01-13T11:59:12.336Z","v":0}
{"name":"hexo","hostname":"WIN-AI44SUPF6M3","pid":15904,"level":20,"msg":"Added: \u001b[35mthemes/next/source/css/_common/components/pages/archive.styl\u001b[39m","time":"2016-01-13T11:59:12.338Z","v":0}
{"name":"hexo","hostname":"WIN-AI44SUPF6M3","pid":15904,"level":20,"msg":"Added: \u001b[35mthemes/next/source/css/_common/components/pages/categories.styl\u001b[39m","time":"2016-01-13T11:59:12.339Z","v":0}
{"name":"hexo","hostname":"WIN-AI44SUPF6M3","pid":15904,"level":20,"msg":"Added: \u001b[35mthemes/next/source/css/_common/components/pages/pages.styl\u001b[39m","time":"2016-01-13T11:59:12.341Z","v":0}
{"name":"hexo","hostname":"WIN-AI44SUPF6M3","pid":15904,"level":20,"msg":"Added: \u001b[35mthemes/next/source/css/_common/components/pages/post-detail.styl\u001b[39m","time":"2016-01-13T11:59:12.342Z","v":0}
{"name":"hexo","hostname":"WIN-AI44SUPF6M3","pid":15904,"level":20,"msg":"Added: \u001b[35mthemes/next/source/css/_common/components/pagination.styl\u001b[39m","time":"2016-01-13T11:59:12.343Z","v":0}
{"name":"hexo","hostname":"WIN-AI44SUPF6M3","pid":15904,"level":20,"msg":"Added: \u001b[35mthemes/next/source/css/_common/components/post/post-collapse.styl\u001b[39m","time":"2016-01-13T11:59:12.346Z","v":0}
{"name":"hexo","hostname":"WIN-AI44SUPF6M3","pid":15904,"level":20,"msg":"Added: \u001b[35mthemes/next/source/css/_common/components/post/post-eof.styl\u001b[39m","time":"2016-01-13T11:59:12.348Z","v":0}
{"name":"hexo","hostname":"WIN-AI44SUPF6M3","pid":15904,"level":20,"msg":"Added: \u001b[35mthemes/next/source/css/_common/components/post/post-expand.styl\u001b[39m","time":"2016-01-13T11:59:12.349Z","v":0}
{"name":"hexo","hostname":"WIN-AI44SUPF6M3","pid":15904,"level":20,"msg":"Added: \u001b[35mthemes/next/source/css/_common/components/post/post-gallery.styl\u001b[39m","time":"2016-01-13T11:59:12.350Z","v":0}
{"name":"hexo","hostname":"WIN-AI44SUPF6M3","pid":15904,"level":20,"msg":"Added: \u001b[35mthemes/next/source/css/_common/components/post/post-meta.styl\u001b[39m","time":"2016-01-13T11:59:12.351Z","v":0}
{"name":"hexo","hostname":"WIN-AI44SUPF6M3","pid":15904,"level":20,"msg":"Added: \u001b[35mthemes/next/source/css/_common/components/post/post-more-link.styl\u001b[39m","time":"2016-01-13T11:59:12.353Z","v":0}
{"name":"hexo","hostname":"WIN-AI44SUPF6M3","pid":15904,"level":20,"msg":"Added: \u001b[35mthemes/next/source/css/_common/components/post/post-nav.styl\u001b[39m","time":"2016-01-13T11:59:12.354Z","v":0}
{"name":"hexo","hostname":"WIN-AI44SUPF6M3","pid":15904,"level":20,"msg":"Added: \u001b[35mthemes/next/source/css/_common/components/post/post-tags.styl\u001b[39m","time":"2016-01-13T11:59:12.355Z","v":0}
{"name":"hexo","hostname":"WIN-AI44SUPF6M3","pid":15904,"level":20,"msg":"Added: \u001b[35mthemes/next/source/css/_common/components/post/post-title.styl\u001b[39m","time":"2016-01-13T11:59:12.357Z","v":0}
{"name":"hexo","hostname":"WIN-AI44SUPF6M3","pid":15904,"level":20,"msg":"Added: \u001b[35mthemes/next/source/css/_common/components/post/post-type.styl\u001b[39m","time":"2016-01-13T11:59:12.358Z","v":0}
{"name":"hexo","hostname":"WIN-AI44SUPF6M3","pid":15904,"level":20,"msg":"Added: \u001b[35mthemes/next/source/css/_common/components/post/post.styl\u001b[39m","time":"2016-01-13T11:59:12.359Z","v":0}
{"name":"hexo","hostname":"WIN-AI44SUPF6M3","pid":15904,"level":20,"msg":"Added: \u001b[35mthemes/next/source/css/_common/components/sidebar/sidebar-author-links.styl\u001b[39m","time":"2016-01-13T11:59:12.361Z","v":0}
{"name":"hexo","hostname":"WIN-AI44SUPF6M3","pid":15904,"level":20,"msg":"Added: \u001b[35mthemes/next/source/css/_common/components/sidebar/sidebar-author.styl\u001b[39m","time":"2016-01-13T11:59:12.363Z","v":0}
{"name":"hexo","hostname":"WIN-AI44SUPF6M3","pid":15904,"level":20,"msg":"Added: \u001b[35mthemes/next/source/css/_common/components/sidebar/sidebar-feed-link.styl\u001b[39m","time":"2016-01-13T11:59:12.364Z","v":0}
{"name":"hexo","hostname":"WIN-AI44SUPF6M3","pid":15904,"level":20,"msg":"Added: \u001b[35mthemes/next/source/css/_common/components/sidebar/sidebar-nav.styl\u001b[39m","time":"2016-01-13T11:59:12.365Z","v":0}
{"name":"hexo","hostname":"WIN-AI44SUPF6M3","pid":15904,"level":20,"msg":"Added: \u001b[35mthemes/next/source/css/_common/components/sidebar/sidebar-toc.styl\u001b[39m","time":"2016-01-13T11:59:12.366Z","v":0}
{"name":"hexo","hostname":"WIN-AI44SUPF6M3","pid":15904,"level":20,"msg":"Added: \u001b[35mthemes/next/source/css/_common/components/sidebar/sidebar-toggle.styl\u001b[39m","time":"2016-01-13T11:59:12.368Z","v":0}
{"name":"hexo","hostname":"WIN-AI44SUPF6M3","pid":15904,"level":20,"msg":"Added: \u001b[35mthemes/next/source/css/_common/components/sidebar/sidebar.styl\u001b[39m","time":"2016-01-13T11:59:12.370Z","v":0}
{"name":"hexo","hostname":"WIN-AI44SUPF6M3","pid":15904,"level":20,"msg":"Added: \u001b[35mthemes/next/source/css/_common/components/sidebar/site-state.styl\u001b[39m","time":"2016-01-13T11:59:12.371Z","v":0}
{"name":"hexo","hostname":"WIN-AI44SUPF6M3","pid":15904,"level":20,"msg":"Added: \u001b[35mthemes/next/source/css/_common/components/tag-cloud.styl\u001b[39m","time":"2016-01-13T11:59:12.374Z","v":0}
{"name":"hexo","hostname":"WIN-AI44SUPF6M3","pid":15904,"level":20,"msg":"Added: \u001b[35mthemes/next/source/css/_common/components/tags/blockquote-center.styl\u001b[39m","time":"2016-01-13T11:59:12.380Z","v":0}
{"name":"hexo","hostname":"WIN-AI44SUPF6M3","pid":15904,"level":20,"msg":"Added: \u001b[35mthemes/next/source/css/_common/components/tags/full-image.styl\u001b[39m","time":"2016-01-13T11:59:12.382Z","v":0}
{"name":"hexo","hostname":"WIN-AI44SUPF6M3","pid":15904,"level":20,"msg":"Added: \u001b[35mthemes/next/source/css/_common/components/tags/group-pictures.styl\u001b[39m","time":"2016-01-13T11:59:12.383Z","v":0}
{"name":"hexo","hostname":"WIN-AI44SUPF6M3","pid":15904,"level":20,"msg":"Added: \u001b[35mthemes/next/source/css/_common/components/tags/tags.styl\u001b[39m","time":"2016-01-13T11:59:12.384Z","v":0}
{"name":"hexo","hostname":"WIN-AI44SUPF6M3","pid":15904,"level":20,"msg":"Added: \u001b[35mthemes/next/source/css/_common/components/third-party/duoshuo.styl\u001b[39m","time":"2016-01-13T11:59:12.386Z","v":0}
{"name":"hexo","hostname":"WIN-AI44SUPF6M3","pid":15904,"level":20,"msg":"Added: \u001b[35mthemes/next/source/css/_common/components/third-party/jiathis.styl\u001b[39m","time":"2016-01-13T11:59:12.388Z","v":0}
{"name":"hexo","hostname":"WIN-AI44SUPF6M3","pid":15904,"level":20,"msg":"Added: \u001b[35mthemes/next/source/css/_common/components/third-party/third-party.styl\u001b[39m","time":"2016-01-13T11:59:12.389Z","v":0}
{"name":"hexo","hostname":"WIN-AI44SUPF6M3","pid":15904,"level":20,"msg":"Added: \u001b[35mthemes/next/source/css/_common/outline/outline.styl\u001b[39m","time":"2016-01-13T11:59:12.390Z","v":0}
{"name":"hexo","hostname":"WIN-AI44SUPF6M3","pid":15904,"level":20,"msg":"Added: \u001b[35mthemes/next/source/css/_common/scaffolding/base.styl\u001b[39m","time":"2016-01-13T11:59:12.393Z","v":0}
{"name":"hexo","hostname":"WIN-AI44SUPF6M3","pid":15904,"level":20,"msg":"Added: \u001b[35mthemes/next/source/css/_common/scaffolding/helpers.styl\u001b[39m","time":"2016-01-13T11:59:12.396Z","v":0}
{"name":"hexo","hostname":"WIN-AI44SUPF6M3","pid":15904,"level":20,"msg":"Added: \u001b[35mthemes/next/source/css/_common/scaffolding/normalize.styl\u001b[39m","time":"2016-01-13T11:59:12.398Z","v":0}
{"name":"hexo","hostname":"WIN-AI44SUPF6M3","pid":15904,"level":20,"msg":"Added: \u001b[35mthemes/next/source/css/_common/scaffolding/scaffolding.styl\u001b[39m","time":"2016-01-13T11:59:12.399Z","v":0}
{"name":"hexo","hostname":"WIN-AI44SUPF6M3","pid":15904,"level":20,"msg":"Added: \u001b[35mthemes/next/source/css/_common/scaffolding/tables.styl\u001b[39m","time":"2016-01-13T11:59:12.401Z","v":0}
{"name":"hexo","hostname":"WIN-AI44SUPF6M3","pid":15904,"level":20,"msg":"Added: \u001b[35mthemes/next/source/css/_custom/custom.styl\u001b[39m","time":"2016-01-13T11:59:12.402Z","v":0}
{"name":"hexo","hostname":"WIN-AI44SUPF6M3","pid":15904,"level":20,"msg":"Added: \u001b[35mthemes/next/source/css/_mixins/Pisces.styl\u001b[39m","time":"2016-01-13T11:59:12.403Z","v":0}
{"name":"hexo","hostname":"WIN-AI44SUPF6M3","pid":15904,"level":20,"msg":"Added: \u001b[35mthemes/next/source/css/_mixins/base.styl\u001b[39m","time":"2016-01-13T11:59:12.404Z","v":0}
{"name":"hexo","hostname":"WIN-AI44SUPF6M3","pid":15904,"level":20,"msg":"Added: \u001b[35mthemes/next/source/css/_schemes/Mist/_base.styl\u001b[39m","time":"2016-01-13T11:59:12.405Z","v":0}
{"name":"hexo","hostname":"WIN-AI44SUPF6M3","pid":15904,"level":20,"msg":"Added: \u001b[35mthemes/next/source/css/_schemes/Mist/_header.styl\u001b[39m","time":"2016-01-13T11:59:12.406Z","v":0}
{"name":"hexo","hostname":"WIN-AI44SUPF6M3","pid":15904,"level":20,"msg":"Added: \u001b[35mthemes/next/source/css/_schemes/Mist/_logo.styl\u001b[39m","time":"2016-01-13T11:59:12.407Z","v":0}
{"name":"hexo","hostname":"WIN-AI44SUPF6M3","pid":15904,"level":20,"msg":"Added: \u001b[35mthemes/next/source/css/_schemes/Mist/_menu.styl\u001b[39m","time":"2016-01-13T11:59:12.408Z","v":0}
{"name":"hexo","hostname":"WIN-AI44SUPF6M3","pid":15904,"level":20,"msg":"Added: \u001b[35mthemes/next/source/css/_schemes/Mist/_posts-expanded.styl\u001b[39m","time":"2016-01-13T11:59:12.409Z","v":0}
{"name":"hexo","hostname":"WIN-AI44SUPF6M3","pid":15904,"level":20,"msg":"Added: \u001b[35mthemes/next/source/css/_schemes/Mist/index.styl\u001b[39m","time":"2016-01-13T11:59:12.410Z","v":0}
{"name":"hexo","hostname":"WIN-AI44SUPF6M3","pid":15904,"level":20,"msg":"Added: \u001b[35mthemes/next/source/css/_schemes/Muse/_logo.styl\u001b[39m","time":"2016-01-13T11:59:12.414Z","v":0}
{"name":"hexo","hostname":"WIN-AI44SUPF6M3","pid":15904,"level":20,"msg":"Added: \u001b[35mthemes/next/source/css/_schemes/Muse/_menu.styl\u001b[39m","time":"2016-01-13T11:59:12.415Z","v":0}
{"name":"hexo","hostname":"WIN-AI44SUPF6M3","pid":15904,"level":20,"msg":"Added: \u001b[35mthemes/next/source/css/_schemes/Muse/_search.styl\u001b[39m","time":"2016-01-13T11:59:12.416Z","v":0}
{"name":"hexo","hostname":"WIN-AI44SUPF6M3","pid":15904,"level":20,"msg":"Added: \u001b[35mthemes/next/source/css/_schemes/Muse/index.styl\u001b[39m","time":"2016-01-13T11:59:12.418Z","v":0}
{"name":"hexo","hostname":"WIN-AI44SUPF6M3","pid":15904,"level":20,"msg":"Added: \u001b[35mthemes/next/source/css/_schemes/Pisces/_brand.styl\u001b[39m","time":"2016-01-13T11:59:12.419Z","v":0}
{"name":"hexo","hostname":"WIN-AI44SUPF6M3","pid":15904,"level":20,"msg":"Added: \u001b[35mthemes/next/source/css/_schemes/Pisces/_full-image.styl\u001b[39m","time":"2016-01-13T11:59:12.421Z","v":0}
{"name":"hexo","hostname":"WIN-AI44SUPF6M3","pid":15904,"level":20,"msg":"Added: \u001b[35mthemes/next/source/css/_schemes/Pisces/_layout.styl\u001b[39m","time":"2016-01-13T11:59:12.422Z","v":0}
{"name":"hexo","hostname":"WIN-AI44SUPF6M3","pid":15904,"level":20,"msg":"Added: \u001b[35mthemes/next/source/css/_schemes/Pisces/_menu.styl\u001b[39m","time":"2016-01-13T11:59:12.424Z","v":0}
{"name":"hexo","hostname":"WIN-AI44SUPF6M3","pid":15904,"level":20,"msg":"Added: \u001b[35mthemes/next/source/css/_schemes/Pisces/_posts.styl\u001b[39m","time":"2016-01-13T11:59:12.425Z","v":0}
{"name":"hexo","hostname":"WIN-AI44SUPF6M3","pid":15904,"level":20,"msg":"Added: \u001b[35mthemes/next/source/css/_schemes/Pisces/_sidebar.styl\u001b[39m","time":"2016-01-13T11:59:12.426Z","v":0}
{"name":"hexo","hostname":"WIN-AI44SUPF6M3","pid":15904,"level":20,"msg":"Added: \u001b[35mthemes/next/source/css/_schemes/Pisces/index.styl\u001b[39m","time":"2016-01-13T11:59:12.427Z","v":0}
{"name":"hexo","hostname":"WIN-AI44SUPF6M3","pid":15904,"level":20,"msg":"Added: \u001b[35mthemes/next/source/css/_variables/Mist.styl\u001b[39m","time":"2016-01-13T11:59:12.428Z","v":0}
{"name":"hexo","hostname":"WIN-AI44SUPF6M3","pid":15904,"level":20,"msg":"Added: \u001b[35mthemes/next/source/css/_variables/base.styl\u001b[39m","time":"2016-01-13T11:59:12.429Z","v":0}
{"name":"hexo","hostname":"WIN-AI44SUPF6M3","pid":15904,"level":20,"msg":"Added: \u001b[35mthemes/next/source/css/_variables/default.styl\u001b[39m","time":"2016-01-13T11:59:12.432Z","v":0}
{"name":"hexo","hostname":"WIN-AI44SUPF6M3","pid":15904,"level":20,"msg":"Added: \u001b[35mthemes/next/source/css/main.styl\u001b[39m","time":"2016-01-13T11:59:12.433Z","v":0}
{"name":"hexo","hostname":"WIN-AI44SUPF6M3","pid":15904,"level":20,"msg":"Added: \u001b[35mthemes/next/source/images/cc-by-nc-nd.svg\u001b[39m","time":"2016-01-13T11:59:12.434Z","v":0}
{"name":"hexo","hostname":"WIN-AI44SUPF6M3","pid":15904,"level":20,"msg":"Added: \u001b[35mthemes/next/source/images/cc-by-nc-sa.svg\u001b[39m","time":"2016-01-13T11:59:12.436Z","v":0}
{"name":"hexo","hostname":"WIN-AI44SUPF6M3","pid":15904,"level":20,"msg":"Added: \u001b[35mthemes/next/source/images/cc-by-nc.svg\u001b[39m","time":"2016-01-13T11:59:12.437Z","v":0}
{"name":"hexo","hostname":"WIN-AI44SUPF6M3","pid":15904,"level":20,"msg":"Added: \u001b[35mthemes/next/source/images/cc-by-nd.svg\u001b[39m","time":"2016-01-13T11:59:12.437Z","v":0}
{"name":"hexo","hostname":"WIN-AI44SUPF6M3","pid":15904,"level":20,"msg":"Added: \u001b[35mthemes/next/source/images/cc-by-sa.svg\u001b[39m","time":"2016-01-13T11:59:12.439Z","v":0}
{"name":"hexo","hostname":"WIN-AI44SUPF6M3","pid":15904,"level":20,"msg":"Added: \u001b[35mthemes/next/source/images/cc-by.svg\u001b[39m","time":"2016-01-13T11:59:12.442Z","v":0}
{"name":"hexo","hostname":"WIN-AI44SUPF6M3","pid":15904,"level":20,"msg":"Added: \u001b[35mthemes/next/source/images/cc-zero.svg\u001b[39m","time":"2016-01-13T11:59:12.444Z","v":0}
{"name":"hexo","hostname":"WIN-AI44SUPF6M3","pid":15904,"level":20,"msg":"Added: \u001b[35mthemes/next/source/images/loading.gif\u001b[39m","time":"2016-01-13T11:59:12.446Z","v":0}
{"name":"hexo","hostname":"WIN-AI44SUPF6M3","pid":15904,"level":20,"msg":"Added: \u001b[35mthemes/next/source/css/_variables/Pisces.styl\u001b[39m","time":"2016-01-13T11:59:12.447Z","v":0}
{"name":"hexo","hostname":"WIN-AI44SUPF6M3","pid":15904,"level":20,"msg":"Added: \u001b[35mthemes/next/source/images/quote-l.svg\u001b[39m","time":"2016-01-13T11:59:12.448Z","v":0}
{"name":"hexo","hostname":"WIN-AI44SUPF6M3","pid":15904,"level":20,"msg":"Added: \u001b[35mthemes/next/source/images/quote-r.svg\u001b[39m","time":"2016-01-13T11:59:12.449Z","v":0}
{"name":"hexo","hostname":"WIN-AI44SUPF6M3","pid":15904,"level":20,"msg":"Added: \u001b[35mthemes/next/source/images/searchicon.png\u001b[39m","time":"2016-01-13T11:59:12.450Z","v":0}
{"name":"hexo","hostname":"WIN-AI44SUPF6M3","pid":15904,"level":20,"msg":"Added: \u001b[35mthemes/next/source/images/placeholder.gif\u001b[39m","time":"2016-01-13T11:59:12.452Z","v":0}
{"name":"hexo","hostname":"WIN-AI44SUPF6M3","pid":15904,"level":20,"msg":"Added: \u001b[35mthemes/next/source/js/src/affix.js\u001b[39m","time":"2016-01-13T11:59:12.453Z","v":0}
{"name":"hexo","hostname":"WIN-AI44SUPF6M3","pid":15904,"level":20,"msg":"Added: \u001b[35mthemes/next/source/js/src/bootstrap.js\u001b[39m","time":"2016-01-13T11:59:12.454Z","v":0}
{"name":"hexo","hostname":"WIN-AI44SUPF6M3","pid":15904,"level":20,"msg":"Added: \u001b[35mthemes/next/source/js/src/hook-duoshuo.js\u001b[39m","time":"2016-01-13T11:59:12.455Z","v":0}
{"name":"hexo","hostname":"WIN-AI44SUPF6M3","pid":15904,"level":20,"msg":"Added: \u001b[35mthemes/next/source/js/src/motion.js\u001b[39m","time":"2016-01-13T11:59:12.456Z","v":0}
{"name":"hexo","hostname":"WIN-AI44SUPF6M3","pid":15904,"level":20,"msg":"Added: \u001b[35mthemes/next/source/js/src/schemes/pisces.js\u001b[39m","time":"2016-01-13T11:59:12.457Z","v":0}
{"name":"hexo","hostname":"WIN-AI44SUPF6M3","pid":15904,"level":20,"msg":"Added: \u001b[35mthemes/next/source/js/src/scrollspy.js\u001b[39m","time":"2016-01-13T11:59:12.457Z","v":0}
{"name":"hexo","hostname":"WIN-AI44SUPF6M3","pid":15904,"level":20,"msg":"Added: \u001b[35mthemes/next/source/js/src/utils.js\u001b[39m","time":"2016-01-13T11:59:12.458Z","v":0}
{"name":"hexo","hostname":"WIN-AI44SUPF6M3","pid":15904,"level":20,"msg":"Added: \u001b[35mthemes/next/source/vendors/fancybox/source/blank.gif\u001b[39m","time":"2016-01-13T11:59:12.459Z","v":0}
{"name":"hexo","hostname":"WIN-AI44SUPF6M3","pid":15904,"level":20,"msg":"Added: \u001b[35mthemes/next/source/vendors/fancybox/source/fancybox_loading.gif\u001b[39m","time":"2016-01-13T11:59:12.460Z","v":0}
{"name":"hexo","hostname":"WIN-AI44SUPF6M3","pid":15904,"level":20,"msg":"Added: \u001b[35mthemes/next/source/vendors/fancybox/source/fancybox_loading@2x.gif\u001b[39m","time":"2016-01-13T11:59:12.462Z","v":0}
{"name":"hexo","hostname":"WIN-AI44SUPF6M3","pid":15904,"level":20,"msg":"Added: \u001b[35mthemes/next/source/vendors/fancybox/source/fancybox_overlay.png\u001b[39m","time":"2016-01-13T11:59:12.463Z","v":0}
{"name":"hexo","hostname":"WIN-AI44SUPF6M3","pid":15904,"level":20,"msg":"Added: \u001b[35mthemes/next/source/vendors/fancybox/source/fancybox_sprite@2x.png\u001b[39m","time":"2016-01-13T11:59:12.464Z","v":0}
{"name":"hexo","hostname":"WIN-AI44SUPF6M3","pid":15904,"level":20,"msg":"Added: \u001b[35mthemes/next/source/vendors/fancybox/source/fancybox_sprite.png\u001b[39m","time":"2016-01-13T11:59:12.465Z","v":0}
{"name":"hexo","hostname":"WIN-AI44SUPF6M3","pid":15904,"level":20,"msg":"Added: \u001b[35mthemes/next/source/vendors/fancybox/source/helpers/fancybox_buttons.png\u001b[39m","time":"2016-01-13T11:59:12.467Z","v":0}
{"name":"hexo","hostname":"WIN-AI44SUPF6M3","pid":15904,"level":20,"msg":"Added: \u001b[35mthemes/next/source/vendors/fancybox/source/helpers/jquery.fancybox-buttons.js\u001b[39m","time":"2016-01-13T11:59:12.468Z","v":0}
{"name":"hexo","hostname":"WIN-AI44SUPF6M3","pid":15904,"level":20,"msg":"Added: \u001b[35mthemes/next/source/vendors/fancybox/source/helpers/jquery.fancybox-media.js\u001b[39m","time":"2016-01-13T11:59:12.469Z","v":0}
{"name":"hexo","hostname":"WIN-AI44SUPF6M3","pid":15904,"level":20,"msg":"Added: \u001b[35mthemes/next/source/vendors/fancybox/source/helpers/jquery.fancybox-thumbs.js\u001b[39m","time":"2016-01-13T11:59:12.471Z","v":0}
{"name":"hexo","hostname":"WIN-AI44SUPF6M3","pid":15904,"level":20,"msg":"Added: \u001b[35mthemes/next/source/vendors/fancybox/source/jquery.fancybox.css\u001b[39m","time":"2016-01-13T11:59:12.472Z","v":0}
{"name":"hexo","hostname":"WIN-AI44SUPF6M3","pid":15904,"level":20,"msg":"Added: \u001b[35mthemes/next/source/vendors/fancybox/source/helpers/jquery.fancybox-thumbs.css\u001b[39m","time":"2016-01-13T11:59:12.473Z","v":0}
{"name":"hexo","hostname":"WIN-AI44SUPF6M3","pid":15904,"level":20,"msg":"Added: \u001b[35mthemes/next/source/vendors/fancybox/source/helpers/jquery.fancybox-buttons.css\u001b[39m","time":"2016-01-13T11:59:12.473Z","v":0}
{"name":"hexo","hostname":"WIN-AI44SUPF6M3","pid":15904,"level":20,"msg":"Added: \u001b[35mthemes/next/source/vendors/fancybox/source/jquery.fancybox.js\u001b[39m","time":"2016-01-13T11:59:12.474Z","v":0}
{"name":"hexo","hostname":"WIN-AI44SUPF6M3","pid":15904,"level":20,"msg":"Added: \u001b[35mthemes/next/source/vendors/fancybox/source/jquery.fancybox.pack.js\u001b[39m","time":"2016-01-13T11:59:12.475Z","v":0}
{"name":"hexo","hostname":"WIN-AI44SUPF6M3","pid":15904,"level":20,"msg":"Added: \u001b[35mthemes/next/source/vendors/fastclick/LICENSE\u001b[39m","time":"2016-01-13T11:59:12.476Z","v":0}
{"name":"hexo","hostname":"WIN-AI44SUPF6M3","pid":15904,"level":20,"msg":"Added: \u001b[35mthemes/next/source/vendors/fastclick/README.md\u001b[39m","time":"2016-01-13T11:59:12.476Z","v":0}
{"name":"hexo","hostname":"WIN-AI44SUPF6M3","pid":15904,"level":20,"msg":"Added: \u001b[35mthemes/next/source/vendors/fastclick/bower.json\u001b[39m","time":"2016-01-13T11:59:12.477Z","v":0}
{"name":"hexo","hostname":"WIN-AI44SUPF6M3","pid":15904,"level":20,"msg":"Added: \u001b[35mthemes/next/source/vendors/fastclick/lib/fastclick.js\u001b[39m","time":"2016-01-13T11:59:12.477Z","v":0}
{"name":"hexo","hostname":"WIN-AI44SUPF6M3","pid":15904,"level":20,"msg":"Added: \u001b[35mthemes/next/source/vendors/fastclick/lib/fastclick.min.js\u001b[39m","time":"2016-01-13T11:59:12.478Z","v":0}
{"name":"hexo","hostname":"WIN-AI44SUPF6M3","pid":15904,"level":20,"msg":"Added: \u001b[35mthemes/next/source/vendors/font-awesome/HELP-US-OUT.txt\u001b[39m","time":"2016-01-13T11:59:12.479Z","v":0}
{"name":"hexo","hostname":"WIN-AI44SUPF6M3","pid":15904,"level":20,"msg":"Added: \u001b[35mthemes/next/source/vendors/font-awesome/bower.json\u001b[39m","time":"2016-01-13T11:59:12.480Z","v":0}
{"name":"hexo","hostname":"WIN-AI44SUPF6M3","pid":15904,"level":20,"msg":"Added: \u001b[35mthemes/next/source/vendors/font-awesome/css/font-awesome.css\u001b[39m","time":"2016-01-13T11:59:12.480Z","v":0}
{"name":"hexo","hostname":"WIN-AI44SUPF6M3","pid":15904,"level":20,"msg":"Added: \u001b[35mthemes/next/source/vendors/font-awesome/css/font-awesome.css.map\u001b[39m","time":"2016-01-13T11:59:12.481Z","v":0}
{"name":"hexo","hostname":"WIN-AI44SUPF6M3","pid":15904,"level":20,"msg":"Added: \u001b[35mthemes/next/source/vendors/font-awesome/css/font-awesome.min.css\u001b[39m","time":"2016-01-13T11:59:12.481Z","v":0}
{"name":"hexo","hostname":"WIN-AI44SUPF6M3","pid":15904,"level":20,"msg":"Added: \u001b[35mthemes/next/source/vendors/font-awesome/fonts/fontawesome-webfont.woff2\u001b[39m","time":"2016-01-13T11:59:12.482Z","v":0}
{"name":"hexo","hostname":"WIN-AI44SUPF6M3","pid":15904,"level":20,"msg":"Added: \u001b[35mthemes/next/source/vendors/jquery_lazyload/CONTRIBUTING.md\u001b[39m","time":"2016-01-13T11:59:12.482Z","v":0}
{"name":"hexo","hostname":"WIN-AI44SUPF6M3","pid":15904,"level":20,"msg":"Added: \u001b[35mthemes/next/source/vendors/jquery_lazyload/README.md\u001b[39m","time":"2016-01-13T11:59:12.483Z","v":0}
{"name":"hexo","hostname":"WIN-AI44SUPF6M3","pid":15904,"level":20,"msg":"Added: \u001b[35mthemes/next/source/vendors/jquery_lazyload/jquery.lazyload.js\u001b[39m","time":"2016-01-13T11:59:12.483Z","v":0}
{"name":"hexo","hostname":"WIN-AI44SUPF6M3","pid":15904,"level":20,"msg":"Added: \u001b[35mthemes/next/source/vendors/jquery_lazyload/bower.json\u001b[39m","time":"2016-01-13T11:59:12.484Z","v":0}
{"name":"hexo","hostname":"WIN-AI44SUPF6M3","pid":15904,"level":20,"msg":"Added: \u001b[35mthemes/next/source/vendors/jquery_lazyload/jquery.scrollstop.js\u001b[39m","time":"2016-01-13T11:59:12.485Z","v":0}
{"name":"hexo","hostname":"WIN-AI44SUPF6M3","pid":15904,"level":20,"msg":"Added: \u001b[35mthemes/next/source/vendors/ua-parser-js/dist/ua-parser.min.js\u001b[39m","time":"2016-01-13T11:59:12.485Z","v":0}
{"name":"hexo","hostname":"WIN-AI44SUPF6M3","pid":15904,"level":20,"msg":"Added: \u001b[35mthemes/next/source/vendors/ua-parser-js/dist/ua-parser.pack.js\u001b[39m","time":"2016-01-13T11:59:12.486Z","v":0}
{"name":"hexo","hostname":"WIN-AI44SUPF6M3","pid":15904,"level":20,"msg":"Added: \u001b[35mthemes/next/source/vendors/velocity/bower.json\u001b[39m","time":"2016-01-13T11:59:12.487Z","v":0}
{"name":"hexo","hostname":"WIN-AI44SUPF6M3","pid":15904,"level":20,"msg":"Added: \u001b[35mthemes/next/source/vendors/velocity/velocity.min.js\u001b[39m","time":"2016-01-13T11:59:12.488Z","v":0}
{"name":"hexo","hostname":"WIN-AI44SUPF6M3","pid":15904,"level":20,"msg":"Added: \u001b[35mthemes/next/source/vendors/velocity/velocity.ui.js\u001b[39m","time":"2016-01-13T11:59:12.488Z","v":0}
{"name":"hexo","hostname":"WIN-AI44SUPF6M3","pid":15904,"level":20,"msg":"Added: \u001b[35mthemes/next/source/vendors/velocity/velocity.ui.min.js\u001b[39m","time":"2016-01-13T11:59:12.489Z","v":0}
{"name":"hexo","hostname":"WIN-AI44SUPF6M3","pid":15904,"level":20,"msg":"Added: \u001b[35mthemes/next/test/helpers.js\u001b[39m","time":"2016-01-13T11:59:12.490Z","v":0}
{"name":"hexo","hostname":"WIN-AI44SUPF6M3","pid":15904,"level":20,"msg":"Added: \u001b[35mthemes/next/test/intern.js\u001b[39m","time":"2016-01-13T11:59:12.491Z","v":0}
{"name":"hexo","hostname":"WIN-AI44SUPF6M3","pid":15904,"level":20,"msg":"Added: \u001b[35mthemes/next/source/vendors/font-awesome/fonts/FontAwesome.otf\u001b[39m","time":"2016-01-13T11:59:12.683Z","v":0}
{"name":"hexo","hostname":"WIN-AI44SUPF6M3","pid":15904,"level":20,"msg":"Added: \u001b[35mthemes/next/source/vendors/font-awesome/fonts/fontawesome-webfont.eot\u001b[39m","time":"2016-01-13T11:59:12.685Z","v":0}
{"name":"hexo","hostname":"WIN-AI44SUPF6M3","pid":15904,"level":20,"msg":"Added: \u001b[35mthemes/next/source/vendors/font-awesome/fonts/fontawesome-webfont.woff\u001b[39m","time":"2016-01-13T11:59:12.686Z","v":0}
{"name":"hexo","hostname":"WIN-AI44SUPF6M3","pid":15904,"level":20,"msg":"Added: \u001b[35mthemes/next/source/vendors/jquery/index.js\u001b[39m","time":"2016-01-13T11:59:12.687Z","v":0}
{"name":"hexo","hostname":"WIN-AI44SUPF6M3","pid":15904,"level":20,"msg":"Added: \u001b[35mthemes/next/source/vendors/font-awesome/fonts/fontawesome-webfont.ttf\u001b[39m","time":"2016-01-13T11:59:12.690Z","v":0}
{"name":"hexo","hostname":"WIN-AI44SUPF6M3","pid":15904,"level":20,"msg":"Added: \u001b[35mthemes/next/source/vendors/velocity/velocity.js\u001b[39m","time":"2016-01-13T11:59:12.692Z","v":0}
{"name":"hexo","hostname":"WIN-AI44SUPF6M3","pid":15904,"level":20,"msg":"Added: \u001b[35mthemes/next/source/vendors/font-awesome/fonts/fontawesome-webfont.svg\u001b[39m","time":"2016-01-13T11:59:12.693Z","v":0}
{"name":"hexo","hostname":"WIN-AI44SUPF6M3","pid":15904,"level":20,"msg":"Processed: \u001b[35msource/vendors/velocity/velocity.ui.min.js\u001b[39m","time":"2016-01-13T11:59:12.699Z","v":0}
{"name":"hexo","hostname":"WIN-AI44SUPF6M3","pid":15904,"level":20,"msg":"Processed: \u001b[35msource/vendors/velocity/velocity.ui.js\u001b[39m","time":"2016-01-13T11:59:12.701Z","v":0}
{"name":"hexo","hostname":"WIN-AI44SUPF6M3","pid":15904,"level":20,"msg":"Processed: \u001b[35msource/vendors/velocity/velocity.min.js\u001b[39m","time":"2016-01-13T11:59:12.702Z","v":0}
{"name":"hexo","hostname":"WIN-AI44SUPF6M3","pid":15904,"level":20,"msg":"Processed: \u001b[35msource/vendors/velocity/velocity.js\u001b[39m","time":"2016-01-13T11:59:12.704Z","v":0}
{"name":"hexo","hostname":"WIN-AI44SUPF6M3","pid":15904,"level":20,"msg":"Processed: \u001b[35msource/vendors/velocity/bower.json\u001b[39m","time":"2016-01-13T11:59:12.705Z","v":0}
{"name":"hexo","hostname":"WIN-AI44SUPF6M3","pid":15904,"level":20,"msg":"Processed: \u001b[35msource/vendors/ua-parser-js/dist/ua-parser.pack.js\u001b[39m","time":"2016-01-13T11:59:12.706Z","v":0}
{"name":"hexo","hostname":"WIN-AI44SUPF6M3","pid":15904,"level":20,"msg":"Processed: \u001b[35msource/vendors/ua-parser-js/dist/ua-parser.min.js\u001b[39m","time":"2016-01-13T11:59:12.707Z","v":0}
{"name":"hexo","hostname":"WIN-AI44SUPF6M3","pid":15904,"level":20,"msg":"Processed: \u001b[35msource/vendors/jquery_lazyload/jquery.scrollstop.js\u001b[39m","time":"2016-01-13T11:59:12.709Z","v":0}
{"name":"hexo","hostname":"WIN-AI44SUPF6M3","pid":15904,"level":20,"msg":"Processed: \u001b[35msource/vendors/jquery_lazyload/jquery.lazyload.js\u001b[39m","time":"2016-01-13T11:59:12.710Z","v":0}
{"name":"hexo","hostname":"WIN-AI44SUPF6M3","pid":15904,"level":20,"msg":"Processed: \u001b[35msource/vendors/jquery_lazyload/bower.json\u001b[39m","time":"2016-01-13T11:59:12.711Z","v":0}
{"name":"hexo","hostname":"WIN-AI44SUPF6M3","pid":15904,"level":20,"msg":"Processed: \u001b[35msource/vendors/jquery_lazyload/README.md\u001b[39m","time":"2016-01-13T11:59:12.713Z","v":0}
{"name":"hexo","hostname":"WIN-AI44SUPF6M3","pid":15904,"level":20,"msg":"Processed: \u001b[35msource/vendors/jquery_lazyload/CONTRIBUTING.md\u001b[39m","time":"2016-01-13T11:59:12.731Z","v":0}
{"name":"hexo","hostname":"WIN-AI44SUPF6M3","pid":15904,"level":20,"msg":"Processed: \u001b[35msource/vendors/jquery/index.js\u001b[39m","time":"2016-01-13T11:59:12.732Z","v":0}
{"name":"hexo","hostname":"WIN-AI44SUPF6M3","pid":15904,"level":20,"msg":"Processed: \u001b[35msource/vendors/font-awesome/fonts/fontawesome-webfont.woff2\u001b[39m","time":"2016-01-13T11:59:12.734Z","v":0}
{"name":"hexo","hostname":"WIN-AI44SUPF6M3","pid":15904,"level":20,"msg":"Processed: \u001b[35msource/vendors/font-awesome/fonts/fontawesome-webfont.woff\u001b[39m","time":"2016-01-13T11:59:12.735Z","v":0}
{"name":"hexo","hostname":"WIN-AI44SUPF6M3","pid":15904,"level":20,"msg":"Processed: \u001b[35msource/vendors/font-awesome/fonts/fontawesome-webfont.ttf\u001b[39m","time":"2016-01-13T11:59:12.737Z","v":0}
{"name":"hexo","hostname":"WIN-AI44SUPF6M3","pid":15904,"level":20,"msg":"Processed: \u001b[35msource/vendors/font-awesome/fonts/fontawesome-webfont.svg\u001b[39m","time":"2016-01-13T11:59:12.738Z","v":0}
{"name":"hexo","hostname":"WIN-AI44SUPF6M3","pid":15904,"level":20,"msg":"Processed: \u001b[35msource/vendors/font-awesome/fonts/fontawesome-webfont.eot\u001b[39m","time":"2016-01-13T11:59:12.739Z","v":0}
{"name":"hexo","hostname":"WIN-AI44SUPF6M3","pid":15904,"level":20,"msg":"Processed: \u001b[35msource/vendors/font-awesome/fonts/FontAwesome.otf\u001b[39m","time":"2016-01-13T11:59:12.741Z","v":0}
{"name":"hexo","hostname":"WIN-AI44SUPF6M3","pid":15904,"level":20,"msg":"Processed: \u001b[35msource/vendors/font-awesome/css/font-awesome.min.css\u001b[39m","time":"2016-01-13T11:59:12.742Z","v":0}
{"name":"hexo","hostname":"WIN-AI44SUPF6M3","pid":15904,"level":20,"msg":"Processed: \u001b[35msource/vendors/font-awesome/css/font-awesome.css.map\u001b[39m","time":"2016-01-13T11:59:12.743Z","v":0}
{"name":"hexo","hostname":"WIN-AI44SUPF6M3","pid":15904,"level":20,"msg":"Processed: \u001b[35msource/vendors/font-awesome/css/font-awesome.css\u001b[39m","time":"2016-01-13T11:59:12.745Z","v":0}
{"name":"hexo","hostname":"WIN-AI44SUPF6M3","pid":15904,"level":20,"msg":"Processed: \u001b[35msource/vendors/font-awesome/bower.json\u001b[39m","time":"2016-01-13T11:59:12.746Z","v":0}
{"name":"hexo","hostname":"WIN-AI44SUPF6M3","pid":15904,"level":20,"msg":"Processed: \u001b[35msource/vendors/font-awesome/HELP-US-OUT.txt\u001b[39m","time":"2016-01-13T11:59:12.748Z","v":0}
{"name":"hexo","hostname":"WIN-AI44SUPF6M3","pid":15904,"level":20,"msg":"Processed: \u001b[35msource/vendors/fastclick/lib/fastclick.min.js\u001b[39m","time":"2016-01-13T11:59:12.751Z","v":0}
{"name":"hexo","hostname":"WIN-AI44SUPF6M3","pid":15904,"level":20,"msg":"Processed: \u001b[35msource/vendors/fastclick/lib/fastclick.js\u001b[39m","time":"2016-01-13T11:59:12.752Z","v":0}
{"name":"hexo","hostname":"WIN-AI44SUPF6M3","pid":15904,"level":20,"msg":"Processed: \u001b[35msource/vendors/fastclick/bower.json\u001b[39m","time":"2016-01-13T11:59:12.755Z","v":0}
{"name":"hexo","hostname":"WIN-AI44SUPF6M3","pid":15904,"level":20,"msg":"Processed: \u001b[35msource/vendors/fastclick/README.md\u001b[39m","time":"2016-01-13T11:59:12.758Z","v":0}
{"name":"hexo","hostname":"WIN-AI44SUPF6M3","pid":15904,"level":20,"msg":"Processed: \u001b[35msource/vendors/fastclick/LICENSE\u001b[39m","time":"2016-01-13T11:59:12.760Z","v":0}
{"name":"hexo","hostname":"WIN-AI44SUPF6M3","pid":15904,"level":20,"msg":"Processed: \u001b[35msource/vendors/fancybox/source/jquery.fancybox.pack.js\u001b[39m","time":"2016-01-13T11:59:12.764Z","v":0}
{"name":"hexo","hostname":"WIN-AI44SUPF6M3","pid":15904,"level":20,"msg":"Processed: \u001b[35msource/vendors/fancybox/source/jquery.fancybox.js\u001b[39m","time":"2016-01-13T11:59:12.765Z","v":0}
{"name":"hexo","hostname":"WIN-AI44SUPF6M3","pid":15904,"level":20,"msg":"Processed: \u001b[35msource/vendors/fancybox/source/jquery.fancybox.css\u001b[39m","time":"2016-01-13T11:59:12.767Z","v":0}
{"name":"hexo","hostname":"WIN-AI44SUPF6M3","pid":15904,"level":20,"msg":"Processed: \u001b[35msource/vendors/fancybox/source/helpers/jquery.fancybox-thumbs.js\u001b[39m","time":"2016-01-13T11:59:12.768Z","v":0}
{"name":"hexo","hostname":"WIN-AI44SUPF6M3","pid":15904,"level":20,"msg":"Processed: \u001b[35msource/vendors/fancybox/source/helpers/jquery.fancybox-thumbs.css\u001b[39m","time":"2016-01-13T11:59:12.770Z","v":0}
{"name":"hexo","hostname":"WIN-AI44SUPF6M3","pid":15904,"level":20,"msg":"Processed: \u001b[35msource/vendors/fancybox/source/helpers/jquery.fancybox-media.js\u001b[39m","time":"2016-01-13T11:59:12.772Z","v":0}
{"name":"hexo","hostname":"WIN-AI44SUPF6M3","pid":15904,"level":20,"msg":"Processed: \u001b[35msource/vendors/fancybox/source/helpers/jquery.fancybox-buttons.js\u001b[39m","time":"2016-01-13T11:59:12.774Z","v":0}
{"name":"hexo","hostname":"WIN-AI44SUPF6M3","pid":15904,"level":20,"msg":"Processed: \u001b[35msource/vendors/fancybox/source/helpers/jquery.fancybox-buttons.css\u001b[39m","time":"2016-01-13T11:59:12.777Z","v":0}
{"name":"hexo","hostname":"WIN-AI44SUPF6M3","pid":15904,"level":20,"msg":"Processed: \u001b[35msource/vendors/fancybox/source/helpers/fancybox_buttons.png\u001b[39m","time":"2016-01-13T11:59:12.780Z","v":0}
{"name":"hexo","hostname":"WIN-AI44SUPF6M3","pid":15904,"level":20,"msg":"Processed: \u001b[35msource/vendors/fancybox/source/fancybox_sprite@2x.png\u001b[39m","time":"2016-01-13T11:59:12.782Z","v":0}
{"name":"hexo","hostname":"WIN-AI44SUPF6M3","pid":15904,"level":20,"msg":"Processed: \u001b[35msource/vendors/fancybox/source/fancybox_sprite.png\u001b[39m","time":"2016-01-13T11:59:12.783Z","v":0}
{"name":"hexo","hostname":"WIN-AI44SUPF6M3","pid":15904,"level":20,"msg":"Processed: \u001b[35msource/vendors/fancybox/source/fancybox_overlay.png\u001b[39m","time":"2016-01-13T11:59:12.785Z","v":0}
{"name":"hexo","hostname":"WIN-AI44SUPF6M3","pid":15904,"level":20,"msg":"Processed: \u001b[35msource/vendors/fancybox/source/fancybox_loading@2x.gif\u001b[39m","time":"2016-01-13T11:59:12.786Z","v":0}
{"name":"hexo","hostname":"WIN-AI44SUPF6M3","pid":15904,"level":20,"msg":"Processed: \u001b[35msource/vendors/fancybox/source/fancybox_loading.gif\u001b[39m","time":"2016-01-13T11:59:12.787Z","v":0}
{"name":"hexo","hostname":"WIN-AI44SUPF6M3","pid":15904,"level":20,"msg":"Processed: \u001b[35msource/vendors/fancybox/source/blank.gif\u001b[39m","time":"2016-01-13T11:59:12.789Z","v":0}
{"name":"hexo","hostname":"WIN-AI44SUPF6M3","pid":15904,"level":20,"msg":"Processed: \u001b[35msource/js/src/utils.js\u001b[39m","time":"2016-01-13T11:59:12.790Z","v":0}
{"name":"hexo","hostname":"WIN-AI44SUPF6M3","pid":15904,"level":20,"msg":"Processed: \u001b[35msource/js/src/scrollspy.js\u001b[39m","time":"2016-01-13T11:59:12.792Z","v":0}
{"name":"hexo","hostname":"WIN-AI44SUPF6M3","pid":15904,"level":20,"msg":"Processed: \u001b[35msource/js/src/schemes/pisces.js\u001b[39m","time":"2016-01-13T11:59:12.793Z","v":0}
{"name":"hexo","hostname":"WIN-AI44SUPF6M3","pid":15904,"level":20,"msg":"Processed: \u001b[35msource/js/src/motion.js\u001b[39m","time":"2016-01-13T11:59:12.796Z","v":0}
{"name":"hexo","hostname":"WIN-AI44SUPF6M3","pid":15904,"level":20,"msg":"Processed: \u001b[35msource/js/src/hook-duoshuo.js\u001b[39m","time":"2016-01-13T11:59:12.798Z","v":0}
{"name":"hexo","hostname":"WIN-AI44SUPF6M3","pid":15904,"level":20,"msg":"Processed: \u001b[35msource/js/src/bootstrap.js\u001b[39m","time":"2016-01-13T11:59:12.799Z","v":0}
{"name":"hexo","hostname":"WIN-AI44SUPF6M3","pid":15904,"level":20,"msg":"Processed: \u001b[35msource/js/src/affix.js\u001b[39m","time":"2016-01-13T11:59:12.800Z","v":0}
{"name":"hexo","hostname":"WIN-AI44SUPF6M3","pid":15904,"level":20,"msg":"Processed: \u001b[35msource/images/searchicon.png\u001b[39m","time":"2016-01-13T11:59:12.802Z","v":0}
{"name":"hexo","hostname":"WIN-AI44SUPF6M3","pid":15904,"level":20,"msg":"Processed: \u001b[35msource/images/quote-r.svg\u001b[39m","time":"2016-01-13T11:59:12.803Z","v":0}
{"name":"hexo","hostname":"WIN-AI44SUPF6M3","pid":15904,"level":20,"msg":"Processed: \u001b[35msource/images/quote-l.svg\u001b[39m","time":"2016-01-13T11:59:12.804Z","v":0}
{"name":"hexo","hostname":"WIN-AI44SUPF6M3","pid":15904,"level":20,"msg":"Processed: \u001b[35msource/images/placeholder.gif\u001b[39m","time":"2016-01-13T11:59:12.805Z","v":0}
{"name":"hexo","hostname":"WIN-AI44SUPF6M3","pid":15904,"level":20,"msg":"Processed: \u001b[35msource/images/loading.gif\u001b[39m","time":"2016-01-13T11:59:12.806Z","v":0}
{"name":"hexo","hostname":"WIN-AI44SUPF6M3","pid":15904,"level":20,"msg":"Processed: \u001b[35msource/images/cc-zero.svg\u001b[39m","time":"2016-01-13T11:59:12.807Z","v":0}
{"name":"hexo","hostname":"WIN-AI44SUPF6M3","pid":15904,"level":20,"msg":"Processed: \u001b[35msource/images/cc-by.svg\u001b[39m","time":"2016-01-13T11:59:12.808Z","v":0}
{"name":"hexo","hostname":"WIN-AI44SUPF6M3","pid":15904,"level":20,"msg":"Processed: \u001b[35msource/images/cc-by-sa.svg\u001b[39m","time":"2016-01-13T11:59:12.810Z","v":0}
{"name":"hexo","hostname":"WIN-AI44SUPF6M3","pid":15904,"level":20,"msg":"Processed: \u001b[35msource/images/cc-by-nd.svg\u001b[39m","time":"2016-01-13T11:59:12.811Z","v":0}
{"name":"hexo","hostname":"WIN-AI44SUPF6M3","pid":15904,"level":20,"msg":"Processed: \u001b[35msource/images/cc-by-nc.svg\u001b[39m","time":"2016-01-13T11:59:12.813Z","v":0}
{"name":"hexo","hostname":"WIN-AI44SUPF6M3","pid":15904,"level":20,"msg":"Processed: \u001b[35msource/images/cc-by-nc-sa.svg\u001b[39m","time":"2016-01-13T11:59:12.815Z","v":0}
{"name":"hexo","hostname":"WIN-AI44SUPF6M3","pid":15904,"level":20,"msg":"Processed: \u001b[35msource/images/cc-by-nc-nd.svg\u001b[39m","time":"2016-01-13T11:59:12.816Z","v":0}
{"name":"hexo","hostname":"WIN-AI44SUPF6M3","pid":15904,"level":20,"msg":"Processed: \u001b[35msource/css/main.styl\u001b[39m","time":"2016-01-13T11:59:12.817Z","v":0}
{"name":"hexo","hostname":"WIN-AI44SUPF6M3","pid":15904,"level":20,"msg":"Processed: \u001b[35mlayout/tag.swig\u001b[39m","time":"2016-01-13T11:59:12.829Z","v":0}
{"name":"hexo","hostname":"WIN-AI44SUPF6M3","pid":15904,"level":20,"msg":"Processed: \u001b[35mlayout/post.swig\u001b[39m","time":"2016-01-13T11:59:12.832Z","v":0}
{"name":"hexo","hostname":"WIN-AI44SUPF6M3","pid":15904,"level":20,"msg":"Processed: \u001b[35mlayout/page.swig\u001b[39m","time":"2016-01-13T11:59:12.837Z","v":0}
{"name":"hexo","hostname":"WIN-AI44SUPF6M3","pid":15904,"level":20,"msg":"Processed: \u001b[35mlayout/index.swig\u001b[39m","time":"2016-01-13T11:59:12.838Z","v":0}
{"name":"hexo","hostname":"WIN-AI44SUPF6M3","pid":15904,"level":20,"msg":"Processed: \u001b[35mlayout/category.swig\u001b[39m","time":"2016-01-13T11:59:12.840Z","v":0}
{"name":"hexo","hostname":"WIN-AI44SUPF6M3","pid":15904,"level":20,"msg":"Processed: \u001b[35mlayout/archive.swig\u001b[39m","time":"2016-01-13T11:59:12.841Z","v":0}
{"name":"hexo","hostname":"WIN-AI44SUPF6M3","pid":15904,"level":20,"msg":"Processed: \u001b[35mlayout/_scripts/vendors.swig\u001b[39m","time":"2016-01-13T11:59:12.842Z","v":0}
{"name":"hexo","hostname":"WIN-AI44SUPF6M3","pid":15904,"level":20,"msg":"Processed: \u001b[35mlayout/_scripts/third-party/tinysou.swig\u001b[39m","time":"2016-01-13T11:59:12.847Z","v":0}
{"name":"hexo","hostname":"WIN-AI44SUPF6M3","pid":15904,"level":20,"msg":"Processed: \u001b[35mlayout/_scripts/third-party/mathjax.swig\u001b[39m","time":"2016-01-13T11:59:12.848Z","v":0}
{"name":"hexo","hostname":"WIN-AI44SUPF6M3","pid":15904,"level":20,"msg":"Processed: \u001b[35mlayout/_scripts/third-party/lean-analytics.swig\u001b[39m","time":"2016-01-13T11:59:12.849Z","v":0}
{"name":"hexo","hostname":"WIN-AI44SUPF6M3","pid":15904,"level":20,"msg":"Processed: \u001b[35mlayout/_scripts/third-party/comments.swig\u001b[39m","time":"2016-01-13T11:59:12.850Z","v":0}
{"name":"hexo","hostname":"WIN-AI44SUPF6M3","pid":15904,"level":20,"msg":"Processed: \u001b[35mlayout/_scripts/third-party/comments/duoshuo.swig\u001b[39m","time":"2016-01-13T11:59:12.851Z","v":0}
{"name":"hexo","hostname":"WIN-AI44SUPF6M3","pid":15904,"level":20,"msg":"Processed: \u001b[35mlayout/_scripts/third-party/comments/disqus.swig\u001b[39m","time":"2016-01-13T11:59:12.852Z","v":0}
{"name":"hexo","hostname":"WIN-AI44SUPF6M3","pid":15904,"level":20,"msg":"Processed: \u001b[35mlayout/_scripts/third-party/baidushare.swig\u001b[39m","time":"2016-01-13T11:59:12.853Z","v":0}
{"name":"hexo","hostname":"WIN-AI44SUPF6M3","pid":15904,"level":20,"msg":"Processed: \u001b[35mlayout/_scripts/third-party/analytics.swig\u001b[39m","time":"2016-01-13T11:59:12.854Z","v":0}
{"name":"hexo","hostname":"WIN-AI44SUPF6M3","pid":15904,"level":20,"msg":"Processed: \u001b[35mlayout/_scripts/third-party/analytics/google-analytics.swig\u001b[39m","time":"2016-01-13T11:59:12.855Z","v":0}
{"name":"hexo","hostname":"WIN-AI44SUPF6M3","pid":15904,"level":20,"msg":"Processed: \u001b[35mlayout/_scripts/third-party/analytics/facebook-sdk.swig\u001b[39m","time":"2016-01-13T11:59:12.857Z","v":0}
{"name":"hexo","hostname":"WIN-AI44SUPF6M3","pid":15904,"level":20,"msg":"Processed: \u001b[35mlayout/_scripts/third-party/analytics/baidu-analytics.swig\u001b[39m","time":"2016-01-13T11:59:12.858Z","v":0}
{"name":"hexo","hostname":"WIN-AI44SUPF6M3","pid":15904,"level":20,"msg":"Processed: \u001b[35mlayout/_scripts/schemes/pisces.swig\u001b[39m","time":"2016-01-13T11:59:12.860Z","v":0}
{"name":"hexo","hostname":"WIN-AI44SUPF6M3","pid":15904,"level":20,"msg":"Processed: \u001b[35mlayout/_scripts/schemes/muse.swig\u001b[39m","time":"2016-01-13T11:59:12.863Z","v":0}
{"name":"hexo","hostname":"WIN-AI44SUPF6M3","pid":15904,"level":20,"msg":"Processed: \u001b[35mlayout/_scripts/schemes/mist.swig\u001b[39m","time":"2016-01-13T11:59:12.864Z","v":0}
{"name":"hexo","hostname":"WIN-AI44SUPF6M3","pid":15904,"level":20,"msg":"Processed: \u001b[35mlayout/_scripts/pages/post-details.swig\u001b[39m","time":"2016-01-13T11:59:12.865Z","v":0}
{"name":"hexo","hostname":"WIN-AI44SUPF6M3","pid":15904,"level":20,"msg":"Processed: \u001b[35mlayout/_scripts/commons.swig\u001b[39m","time":"2016-01-13T11:59:12.866Z","v":0}
{"name":"hexo","hostname":"WIN-AI44SUPF6M3","pid":15904,"level":20,"msg":"Processed: \u001b[35mlayout/_scripts/boostrap.swig\u001b[39m","time":"2016-01-13T11:59:12.868Z","v":0}
{"name":"hexo","hostname":"WIN-AI44SUPF6M3","pid":15904,"level":20,"msg":"Processed: \u001b[35mlayout/_partials/share/jiathis.swig\u001b[39m","time":"2016-01-13T11:59:12.869Z","v":0}
{"name":"hexo","hostname":"WIN-AI44SUPF6M3","pid":15904,"level":20,"msg":"Processed: \u001b[35mlayout/_partials/share/duoshuo_share.swig\u001b[39m","time":"2016-01-13T11:59:12.870Z","v":0}
{"name":"hexo","hostname":"WIN-AI44SUPF6M3","pid":15904,"level":20,"msg":"Processed: \u001b[35mlayout/_partials/search.swig\u001b[39m","time":"2016-01-13T11:59:12.871Z","v":0}
{"name":"hexo","hostname":"WIN-AI44SUPF6M3","pid":15904,"level":20,"msg":"Processed: \u001b[35mlayout/_partials/search/tinysou.swig\u001b[39m","time":"2016-01-13T11:59:12.872Z","v":0}
{"name":"hexo","hostname":"WIN-AI44SUPF6M3","pid":15904,"level":20,"msg":"Processed: \u001b[35mlayout/_partials/search/swiftype.swig\u001b[39m","time":"2016-01-13T11:59:12.873Z","v":0}
{"name":"hexo","hostname":"WIN-AI44SUPF6M3","pid":15904,"level":20,"msg":"Processed: \u001b[35mlayout/_partials/pagination.swig\u001b[39m","time":"2016-01-13T11:59:12.874Z","v":0}
{"name":"hexo","hostname":"WIN-AI44SUPF6M3","pid":15904,"level":20,"msg":"Processed: \u001b[35mlayout/_partials/header.swig\u001b[39m","time":"2016-01-13T11:59:12.875Z","v":0}
{"name":"hexo","hostname":"WIN-AI44SUPF6M3","pid":15904,"level":20,"msg":"Processed: \u001b[35mlayout/_partials/head.swig\u001b[39m","time":"2016-01-13T11:59:12.876Z","v":0}
{"name":"hexo","hostname":"WIN-AI44SUPF6M3","pid":15904,"level":20,"msg":"Processed: \u001b[35mlayout/_partials/footer.swig\u001b[39m","time":"2016-01-13T11:59:12.877Z","v":0}
{"name":"hexo","hostname":"WIN-AI44SUPF6M3","pid":15904,"level":20,"msg":"Processed: \u001b[35mlayout/_partials/duoshuo-hot-articles.swig\u001b[39m","time":"2016-01-13T11:59:12.879Z","v":0}
{"name":"hexo","hostname":"WIN-AI44SUPF6M3","pid":15904,"level":20,"msg":"Processed: \u001b[35mlayout/_partials/comments.swig\u001b[39m","time":"2016-01-13T11:59:12.880Z","v":0}
{"name":"hexo","hostname":"WIN-AI44SUPF6M3","pid":15904,"level":20,"msg":"Processed: \u001b[35mlayout/_macro/sidebar.swig\u001b[39m","time":"2016-01-13T11:59:12.881Z","v":0}
{"name":"hexo","hostname":"WIN-AI44SUPF6M3","pid":15904,"level":20,"msg":"Processed: \u001b[35mlayout/_macro/post.swig\u001b[39m","time":"2016-01-13T11:59:12.883Z","v":0}
{"name":"hexo","hostname":"WIN-AI44SUPF6M3","pid":15904,"level":20,"msg":"Processed: \u001b[35mlayout/_macro/post-collapse.swig\u001b[39m","time":"2016-01-13T11:59:12.884Z","v":0}
{"name":"hexo","hostname":"WIN-AI44SUPF6M3","pid":15904,"level":20,"msg":"Processed: \u001b[35mlayout/_layout.swig\u001b[39m","time":"2016-01-13T11:59:12.886Z","v":0}
{"name":"hexo","hostname":"WIN-AI44SUPF6M3","pid":15904,"level":20,"msg":"Processed: \u001b[35mlanguages/zh-tw.yml\u001b[39m","time":"2016-01-13T11:59:12.891Z","v":0}
{"name":"hexo","hostname":"WIN-AI44SUPF6M3","pid":15904,"level":20,"msg":"Processed: \u001b[35mlanguages/zh-hk.yml\u001b[39m","time":"2016-01-13T11:59:12.894Z","v":0}
{"name":"hexo","hostname":"WIN-AI44SUPF6M3","pid":15904,"level":20,"msg":"Processed: \u001b[35mlanguages/zh-Hans.yml\u001b[39m","time":"2016-01-13T11:59:12.902Z","v":0}
{"name":"hexo","hostname":"WIN-AI44SUPF6M3","pid":15904,"level":20,"msg":"Processed: \u001b[35mlanguages/ru.yml\u001b[39m","time":"2016-01-13T11:59:12.905Z","v":0}
{"name":"hexo","hostname":"WIN-AI44SUPF6M3","pid":15904,"level":20,"msg":"Processed: \u001b[35mlanguages/pt.yml\u001b[39m","time":"2016-01-13T11:59:12.908Z","v":0}
{"name":"hexo","hostname":"WIN-AI44SUPF6M3","pid":15904,"level":20,"msg":"Processed: \u001b[35mlanguages/fr-FR.yml\u001b[39m","time":"2016-01-13T11:59:12.910Z","v":0}
{"name":"hexo","hostname":"WIN-AI44SUPF6M3","pid":15904,"level":20,"msg":"Processed: \u001b[35mlanguages/en.yml\u001b[39m","time":"2016-01-13T11:59:12.913Z","v":0}
{"name":"hexo","hostname":"WIN-AI44SUPF6M3","pid":15904,"level":20,"msg":"Processed: \u001b[35mlanguages/default.yml\u001b[39m","time":"2016-01-13T11:59:12.915Z","v":0}
{"name":"hexo","hostname":"WIN-AI44SUPF6M3","pid":15904,"level":20,"msg":"Processed: \u001b[35mlanguages/de.yml\u001b[39m","time":"2016-01-13T11:59:12.918Z","v":0}
{"name":"hexo","hostname":"WIN-AI44SUPF6M3","pid":15904,"level":20,"msg":"Theme config loaded.","time":"2016-01-13T11:59:12.921Z","v":0}
{"name":"hexo","hostname":"WIN-AI44SUPF6M3","pid":15904,"level":20,"msg":"Processed: \u001b[35m_config.yml\u001b[39m","time":"2016-01-13T11:59:12.922Z","v":0}
{"name":"hexo","hostname":"WIN-AI44SUPF6M3","pid":15904,"level":20,"msg":"Generator: \u001b[35mpage\u001b[39m","time":"2016-01-13T11:59:14.730Z","v":0}
{"name":"hexo","hostname":"WIN-AI44SUPF6M3","pid":15904,"level":20,"msg":"Generator: \u001b[35mpost\u001b[39m","time":"2016-01-13T11:59:14.732Z","v":0}
{"name":"hexo","hostname":"WIN-AI44SUPF6M3","pid":15904,"level":20,"msg":"Generator: \u001b[35mindex\u001b[39m","time":"2016-01-13T11:59:14.733Z","v":0}
{"name":"hexo","hostname":"WIN-AI44SUPF6M3","pid":15904,"level":20,"msg":"Generator: \u001b[35mtag\u001b[39m","time":"2016-01-13T11:59:14.733Z","v":0}
{"name":"hexo","hostname":"WIN-AI44SUPF6M3","pid":15904,"level":20,"msg":"Generator: \u001b[35mcategory\u001b[39m","time":"2016-01-13T11:59:14.734Z","v":0}
{"name":"hexo","hostname":"WIN-AI44SUPF6M3","pid":15904,"level":20,"msg":"Generator: \u001b[35marchive\u001b[39m","time":"2016-01-13T11:59:14.735Z","v":0}
{"name":"hexo","hostname":"WIN-AI44SUPF6M3","pid":15904,"level":20,"msg":"Generator: \u001b[35masset\u001b[39m","time":"2016-01-13T11:59:14.738Z","v":0}
{"name":"hexo","hostname":"WIN-AI44SUPF6M3","pid":15904,"level":30,"msg":"Hexo is running at \u001b[4mhttp://0.0.0.0:4000/\u001b[24m. Press Ctrl+C to stop.","time":"2016-01-13T11:59:14.748Z","v":0}
{"name":"hexo","hostname":"WIN-AI44SUPF6M3","pid":15904,"level":20,"msg":"Database saved","time":"2016-01-13T11:59:14.771Z","v":0}
{"name":"hexo","hostname":"WIN-AI44SUPF6M3","pid":15904,"level":20,"msg":"Rendering post: \u001b[35m2016/01/13/my-new-post/index.html\u001b[39m","time":"2016-01-13T11:59:23.410Z","v":0}
{"name":"hexo","hostname":"WIN-AI44SUPF6M3","pid":15904,"level":20,"msg":"Rendering archive: \u001b[35marchives/index.html\u001b[39m","time":"2016-01-13T11:59:37.411Z","v":0}
{"name":"hexo","hostname":"WIN-AI44SUPF6M3","pid":15904,"level":20,"msg":"Rendering post: \u001b[35m2016/01/13/hello-world/index.html\u001b[39m","time":"2016-01-13T11:59:41.391Z","v":0}
{"name":"hexo","hostname":"WIN-AI44SUPF6M3","pid":15904,"level":20,"msg":"Updated: \u001b[35mthemes/next/_config.yml\u001b[39m","time":"2016-01-13T12:26:24.561Z","v":0}
{"name":"hexo","hostname":"WIN-AI44SUPF6M3","pid":15904,"level":50,"msg":"Theme config load failed.","time":"2016-01-13T12:26:24.680Z","v":0}
{"name":"hexo","hostname":"WIN-AI44SUPF6M3","pid":15904,"level":50,"err":{"message":"duplicated mapping key at line 61, column 13:\n    scheme: Mist\n                ^","name":"YAMLException","stack":"YAMLException: duplicated mapping key at line 61, column 13:\n    scheme: Mist\n                ^\n    at generateError (F:\\10\\aierui.github.io\\node_modules\\hexo\\node_modules\\js-yaml\\lib\\js-yaml\\loader.js:161:10)\n    at throwError (F:\\10\\aierui.github.io\\node_modules\\hexo\\node_modules\\js-yaml\\lib\\js-yaml\\loader.js:167:9)\n    at storeMappingPair (F:\\10\\aierui.github.io\\node_modules\\hexo\\node_modules\\js-yaml\\lib\\js-yaml\\loader.js:304:7)\n    at readBlockMapping (F:\\10\\aierui.github.io\\node_modules\\hexo\\node_modules\\js-yaml\\lib\\js-yaml\\loader.js:1064:9)\n    at composeNode (F:\\10\\aierui.github.io\\node_modules\\hexo\\node_modules\\js-yaml\\lib\\js-yaml\\loader.js:1327:12)\n    at readDocument (F:\\10\\aierui.github.io\\node_modules\\hexo\\node_modules\\js-yaml\\lib\\js-yaml\\loader.js:1490:3)\n    at loadDocuments (F:\\10\\aierui.github.io\\node_modules\\hexo\\node_modules\\js-yaml\\lib\\js-yaml\\loader.js:1546:5)\n    at Object.load (F:\\10\\aierui.github.io\\node_modules\\hexo\\node_modules\\js-yaml\\lib\\js-yaml\\loader.js:1563:19)\n    at Hexo.yamlHelper (F:\\10\\aierui.github.io\\node_modules\\hexo\\lib\\plugins\\renderer\\yaml.js:7:15)\n    at Hexo.tryCatcher (F:\\10\\aierui.github.io\\node_modules\\hexo\\node_modules\\bluebird\\js\\main\\util.js:26:23)\n    at Hexo.<anonymous> (F:\\10\\aierui.github.io\\node_modules\\hexo\\node_modules\\bluebird\\js\\main\\method.js:15:34)\n    at F:\\10\\aierui.github.io\\node_modules\\hexo\\lib\\hexo\\render.js:51:21\n    at tryCatcher (F:\\10\\aierui.github.io\\node_modules\\hexo\\node_modules\\bluebird\\js\\main\\util.js:26:23)\n    at Promise._settlePromiseFromHandler (F:\\10\\aierui.github.io\\node_modules\\hexo\\node_modules\\bluebird\\js\\main\\promise.js:507:31)\n    at Promise._settlePromiseAt (F:\\10\\aierui.github.io\\node_modules\\hexo\\node_modules\\bluebird\\js\\main\\promise.js:581:18)\n    at Promise._settlePromiseAtPostResolution (F:\\10\\aierui.github.io\\node_modules\\hexo\\node_modules\\bluebird\\js\\main\\promise.js:245:10)\n    at Async._drainQueue (F:\\10\\aierui.github.io\\node_modules\\hexo\\node_modules\\bluebird\\js\\main\\async.js:128:12)\n    at Async._drainQueues (F:\\10\\aierui.github.io\\node_modules\\hexo\\node_modules\\bluebird\\js\\main\\async.js:133:10)\n    at Immediate.Async.drainQueues [as _onImmediate] (F:\\10\\aierui.github.io\\node_modules\\hexo\\node_modules\\bluebird\\js\\main\\async.js:15:14)\n    at processImmediate [as _immediateCallback] (timers.js:383:17)"},"msg":"Process failed: \u001b[35m_config.yml\u001b[39m","time":"2016-01-13T12:26:24.689Z","v":0}
{"name":"hexo","hostname":"WIN-AI44SUPF6M3","pid":15904,"level":20,"msg":"Generator: \u001b[35mpage\u001b[39m","time":"2016-01-13T12:26:24.741Z","v":0}
{"name":"hexo","hostname":"WIN-AI44SUPF6M3","pid":15904,"level":20,"msg":"Generator: \u001b[35mpost\u001b[39m","time":"2016-01-13T12:26:24.743Z","v":0}
{"name":"hexo","hostname":"WIN-AI44SUPF6M3","pid":15904,"level":20,"msg":"Generator: \u001b[35mindex\u001b[39m","time":"2016-01-13T12:26:24.744Z","v":0}
{"name":"hexo","hostname":"WIN-AI44SUPF6M3","pid":15904,"level":20,"msg":"Generator: \u001b[35mtag\u001b[39m","time":"2016-01-13T12:26:24.745Z","v":0}
{"name":"hexo","hostname":"WIN-AI44SUPF6M3","pid":15904,"level":20,"msg":"Generator: \u001b[35mcategory\u001b[39m","time":"2016-01-13T12:26:24.746Z","v":0}
{"name":"hexo","hostname":"WIN-AI44SUPF6M3","pid":15904,"level":20,"msg":"Generator: \u001b[35marchive\u001b[39m","time":"2016-01-13T12:26:24.747Z","v":0}
{"name":"hexo","hostname":"WIN-AI44SUPF6M3","pid":15904,"level":20,"msg":"Generator: \u001b[35masset\u001b[39m","time":"2016-01-13T12:26:24.754Z","v":0}
{"name":"hexo","hostname":"WIN-AI44SUPF6M3","pid":15904,"level":20,"msg":"Rendering post: \u001b[35m2016/01/13/hello-world/index.html\u001b[39m","time":"2016-01-13T12:30:00.031Z","v":0}
{"name":"hexo","hostname":"WIN-AI44SUPF6M3","pid":15904,"level":30,"msg":"Catch you later","time":"2016-01-13T12:30:10.387Z","v":0}
{"name":"hexo","hostname":"WIN-AI44SUPF6M3","pid":15904,"level":20,"msg":"Database saved","time":"2016-01-13T12:30:10.428Z","v":0}
{"name":"hexo","hostname":"WIN-AI44SUPF6M3","pid":14892,"level":20,"msg":"Hexo version: \u001b[35m3.1.1\u001b[39m","time":"2016-01-13T12:32:43.151Z","v":0}
{"name":"hexo","hostname":"WIN-AI44SUPF6M3","pid":14892,"level":20,"msg":"Working directory: \u001b[35mF:\\10\\aierui.github.io\\\u001b[39m","time":"2016-01-13T12:32:43.159Z","v":0}
{"name":"hexo","hostname":"WIN-AI44SUPF6M3","pid":14892,"level":60,"msg":"YAMLException: can not read a block mapping entry; a multiline key may not be an implicit key at line 11, column 9:\n    timezone:\n            ^\n    at generateError (F:\\10\\aierui.github.io\\node_modules\\hexo\\node_modules\\js-yaml\\lib\\js-yaml\\loader.js:161:10)\n    at throwError (F:\\10\\aierui.github.io\\node_modules\\hexo\\node_modules\\js-yaml\\lib\\js-yaml\\loader.js:167:9)\n    at readBlockMapping (F:\\10\\aierui.github.io\\node_modules\\hexo\\node_modules\\js-yaml\\lib\\js-yaml\\loader.js:1039:9)\n    at composeNode (F:\\10\\aierui.github.io\\node_modules\\hexo\\node_modules\\js-yaml\\lib\\js-yaml\\loader.js:1327:12)\n    at readDocument (F:\\10\\aierui.github.io\\node_modules\\hexo\\node_modules\\js-yaml\\lib\\js-yaml\\loader.js:1490:3)\n    at loadDocuments (F:\\10\\aierui.github.io\\node_modules\\hexo\\node_modules\\js-yaml\\lib\\js-yaml\\loader.js:1546:5)\n    at Object.load (F:\\10\\aierui.github.io\\node_modules\\hexo\\node_modules\\js-yaml\\lib\\js-yaml\\loader.js:1563:19)\n    at Hexo.yamlHelper (F:\\10\\aierui.github.io\\node_modules\\hexo\\lib\\plugins\\renderer\\yaml.js:7:15)\n    at Hexo.tryCatcher (F:\\10\\aierui.github.io\\node_modules\\hexo\\node_modules\\bluebird\\js\\main\\util.js:26:23)\n    at Hexo.<anonymous> (F:\\10\\aierui.github.io\\node_modules\\hexo\\node_modules\\bluebird\\js\\main\\method.js:15:34)\n    at F:\\10\\aierui.github.io\\node_modules\\hexo\\lib\\hexo\\render.js:51:21\n    at tryCatcher (F:\\10\\aierui.github.io\\node_modules\\hexo\\node_modules\\bluebird\\js\\main\\util.js:26:23)\n    at Promise._settlePromiseFromHandler (F:\\10\\aierui.github.io\\node_modules\\hexo\\node_modules\\bluebird\\js\\main\\promise.js:507:31)\n    at Promise._settlePromiseAt (F:\\10\\aierui.github.io\\node_modules\\hexo\\node_modules\\bluebird\\js\\main\\promise.js:581:18)\n    at Promise._settlePromises (F:\\10\\aierui.github.io\\node_modules\\hexo\\node_modules\\bluebird\\js\\main\\promise.js:697:14)\n    at Async._drainQueue (F:\\10\\aierui.github.io\\node_modules\\hexo\\node_modules\\bluebird\\js\\main\\async.js:123:16)\n    at Async._drainQueues (F:\\10\\aierui.github.io\\node_modules\\hexo\\node_modules\\bluebird\\js\\main\\async.js:133:10)\n    at Immediate.Async.drainQueues [as _onImmediate] (F:\\10\\aierui.github.io\\node_modules\\hexo\\node_modules\\bluebird\\js\\main\\async.js:15:14)\n    at processImmediate [as _immediateCallback] (timers.js:383:17)","time":"2016-01-13T12:32:43.330Z","v":0}
